This is pdfTeX, Version 3.14159265-2.6-1.40.20 (TeX Live 2019/Debian) (preloaded format=pdflatex 2021.3.15)  24 APR 2022 21:57
entering extended mode
 restricted \write18 enabled.
 %&-line parsing enabled.
**refman
(./refman.tex
LaTeX2e <2020-02-02> patch level 2
L3 programming layer <2020-02-14>
(/usr/share/texlive/texmf-dist/tex/latex/base/article.cls
Document Class: article 2019/12/20 v1.4l Standard LaTeX document class
(/usr/share/texlive/texmf-dist/tex/latex/base/size10.clo
File: size10.clo 2019/12/20 v1.4l Standard LaTeX file (size option)
)
\c@part=\count167
\c@section=\count168
\c@subsection=\count169
\c@subsubsection=\count170
\c@paragraph=\count171
\c@subparagraph=\count172
\c@figure=\count173
\c@table=\count174
\abovecaptionskip=\skip47
\belowcaptionskip=\skip48
\bibindent=\dimen134
)
(/usr/share/texlive/texmf-dist/tex/latex/base/ifthen.sty
Package: ifthen 2014/09/29 v1.1c Standard LaTeX ifthen package (DPC)
)
(/usr/share/texlive/texmf-dist/tex/latex/tools/array.sty
Rollback for package 'array' requested -> date 2016-10-06.
         Best approximation is the release introduced on 2016-10-06.

(/usr/share/texlive/texmf-dist/tex/latex/tools/array-2016-10-06.sty
Package: array 2016/10/06 v2.4d Tabular extension package (FMi)
\col@sep=\dimen135
\extrarowheight=\dimen136
\NC@list=\toks14
\extratabsurround=\skip49
\backup@length=\skip50
))
(/usr/share/texlive/texmf-dist/tex/latex/base/fixltx2e.sty
Package: fixltx2e 2016/12/29 v2.1a fixes to LaTeX (obsolete)
Applying: [2015/01/01] Old fixltx2e package on input line 46.


Package fixltx2e Warning: fixltx2e is not required with releases after 2015
(fixltx2e)                All fixes are now in the LaTeX kernel.
(fixltx2e)                See the latexrelease package for details.

Already applied: [0000/00/00] Old fixltx2e package on input line 53.
) (./doxygen.sty
Package: doxygen 
 (/usr/share/texlive/texmf-dist/tex/latex/base/alltt.sty
Package: alltt 1997/06/16 v2.0g defines alltt environment
)
(/usr/share/texlive/texmf-dist/tex/latex/tools/calc.sty
Package: calc 2017/05/25 v4.3 Infix arithmetic (KKT,FJ)
\calc@Acount=\count175
\calc@Bcount=\count176
\calc@Adimen=\dimen137
\calc@Bdimen=\dimen138
\calc@Askip=\skip51
\calc@Bskip=\skip52
LaTeX Info: Redefining \setlength on input line 80.
LaTeX Info: Redefining \addtolength on input line 81.
\calc@Ccount=\count177
\calc@Cskip=\skip53
)
(/usr/share/texlive/texmf-dist/tex/latex/float/float.sty
Package: float 2001/11/08 v1.3d Float enhancements (AL)
\c@float@type=\count178
\float@exts=\toks15
\float@box=\box45
\@float@everytoks=\toks16
\@floatcapt=\box46
)
(/usr/share/texlive/texmf-dist/tex/latex/tools/verbatim.sty
Package: verbatim 2019/11/10 v1.5r LaTeX2e package for verbatim enhancements
\every@verbatim=\toks17
\verbatim@line=\toks18
\verbatim@in@stream=\read2
)
(/usr/share/texlive/texmf-dist/tex/latex/xcolor/xcolor.sty
Package: xcolor 2016/05/11 v2.12 LaTeX color extensions (UK)

(/usr/share/texlive/texmf-dist/tex/latex/graphics-cfg/color.cfg
File: color.cfg 2016/01/02 v1.6 sample color configuration
)
Package xcolor Info: Driver file: pdftex.def on input line 225.

(/usr/share/texlive/texmf-dist/tex/latex/graphics-def/pdftex.def
File: pdftex.def 2018/01/08 v1.0l Graphics/color driver for pdftex
)
(/usr/share/texlive/texmf-dist/tex/latex/colortbl/colortbl.sty
Package: colortbl 2020/01/04 v1.0e Color table columns (DPC)
\everycr=\toks19
\minrowclearance=\skip54
)
\rownum=\count179
Package xcolor Info: Model `cmy' substituted by `cmy0' on input line 1348.
Package xcolor Info: Model `hsb' substituted by `rgb' on input line 1352.
Package xcolor Info: Model `RGB' extended on input line 1364.
Package xcolor Info: Model `HTML' substituted by `rgb' on input line 1366.
Package xcolor Info: Model `Hsb' substituted by `hsb' on input line 1367.
Package xcolor Info: Model `tHsb' substituted by `hsb' on input line 1368.
Package xcolor Info: Model `HSB' substituted by `hsb' on input line 1369.
Package xcolor Info: Model `Gray' substituted by `gray' on input line 1370.
Package xcolor Info: Model `wave' substituted by `hsb' on input line 1371.
)
(./longtable_doxygen.sty
Package: longtable_doxygen 2014/10/28 v4.11 Multi-page Table package (DPC) - fr
ozen version for doxygen
\LTleft=\skip55
\LTright=\skip56
\LTpre=\skip57
\LTpost=\skip58
\LTchunksize=\count180
\LTcapwidth=\dimen139
\LT@head=\box47
\LT@firsthead=\box48
\LT@foot=\box49
\LT@lastfoot=\box50
\LT@cols=\count181
\LT@rows=\count182
\c@LT@tables=\count183
\c@LT@chunks=\count184
\LT@p@ftn=\toks20
) (./tabu_doxygen.sty
Package: tabu_doxygen 2011/02/26 v2.8 - flexible LaTeX tabulars (FC), frozen ve
rsion for doxygen

(/usr/share/texlive/texmf-dist/tex/latex/varwidth/varwidth.sty
Package: varwidth 2009/03/30 ver 0.92;  Variable-width minipages
\@vwid@box=\box51
\sift@deathcycles=\count185
\@vwid@loff=\dimen140
\@vwid@roff=\dimen141
)
\c@taburow=\count186
\tabu@nbcols=\count187
\tabu@cnt=\count188
\tabu@Xcol=\count189
\tabu@alloc=\count190
\tabu@nested=\count191
\tabu@target=\dimen142
\tabu@spreadtarget=\dimen143
\tabu@naturalX=\dimen144
\tabucolX=\dimen145
\tabu@Xsum=\dimen146
\extrarowdepth=\dimen147
\abovetabulinesep=\dimen148
\belowtabulinesep=\dimen149
\tabustrutrule=\dimen150
\tabu@thebody=\toks21
\tabu@footnotes=\toks22
\tabu@box=\box52
\tabu@arstrutbox=\box53
\tabu@hleads=\box54
\tabu@vleads=\box55
\tabu@cellskip=\skip59
)
(/usr/share/texlive/texmf-dist/tex/latex/fancyvrb/fancyvrb.sty
Package: fancyvrb 2020/01/13 v3.5 verbatim text (tvz,hv)

(/usr/share/texlive/texmf-dist/tex/latex/graphics/keyval.sty
Package: keyval 2014/10/28 v1.15 key=value parser (DPC)
\KV@toks@=\toks23
)
\FV@CodeLineNo=\count192
\FV@InFile=\read3
\FV@TabBox=\box56
\c@FancyVerbLine=\count193
\FV@StepNumber=\count194
\FV@OutFile=\write3
)
(/usr/share/texlive/texmf-dist/tex/latex/tools/tabularx.sty
Package: tabularx 2020/01/15 v2.11c `tabularx' package (DPC)
\TX@col@width=\dimen151
\TX@old@table=\dimen152
\TX@old@col=\dimen153
\TX@target=\dimen154
\TX@delta=\dimen155
\TX@cols=\count195
\TX@ftn=\toks24
)
(/usr/share/texlive/texmf-dist/tex/latex/tools/multicol.sty
Package: multicol 2019/12/09 v1.8y multicolumn formatting (FMi)
\c@tracingmulticols=\count196
\mult@box=\box57
\multicol@leftmargin=\dimen156
\c@unbalance=\count197
\c@collectmore=\count198
\doublecol@number=\count199
\multicoltolerance=\count266
\multicolpretolerance=\count267
\full@width=\dimen157
\page@free=\dimen158
\premulticols=\dimen159
\postmulticols=\dimen160
\multicolsep=\skip60
\multicolbaselineskip=\skip61
\partial@page=\box58
\last@line=\box59
\maxbalancingoverflow=\dimen161
\mult@rightbox=\box60
\mult@grightbox=\box61
\mult@gfirstbox=\box62
\mult@firstbox=\box63
\@tempa=\box64
\@tempa=\box65
\@tempa=\box66
\@tempa=\box67
\@tempa=\box68
\@tempa=\box69
\@tempa=\box70
\@tempa=\box71
\@tempa=\box72
\@tempa=\box73
\@tempa=\box74
\@tempa=\box75
\@tempa=\box76
\@tempa=\box77
\@tempa=\box78
\@tempa=\box79
\@tempa=\box80
\@tempa=\box81
\@tempa=\box82
\@tempa=\box83
\@tempa=\box84
\@tempa=\box85
\@tempa=\box86
\@tempa=\box87
\@tempa=\box88
\@tempa=\box89
\@tempa=\box90
\@tempa=\box91
\@tempa=\box92
\@tempa=\box93
\@tempa=\box94
\@tempa=\box95
\@tempa=\box96
\@tempa=\box97
\@tempa=\box98
\@tempa=\box99
\@tempa=\box100
\c@minrows=\count268
\c@columnbadness=\count269
\c@finalcolumnbadness=\count270
\last@try=\dimen162
\multicolovershoot=\dimen163
\multicolundershoot=\dimen164
\mult@nat@firstbox=\box101
\colbreak@box=\box102
\mc@col@check@num=\count271
)
(/usr/share/texlive/texmf-dist/tex/latex/multirow/multirow.sty
Package: multirow 2019/05/31 v2.5 Span multiple rows of a table
\multirow@colwidth=\skip62
\multirow@cntb=\count272
\multirow@dima=\skip63
\bigstrutjot=\dimen165
)
(/usr/share/texlive/texmf-dist/tex/latex/hanging/hanging.sty
Package: hanging 2009/09/02 v1.2b hanging paragraphs and punctuation
\h@ngcommawd=\skip64
\h@ngfstopwd=\skip65
\h@ngquotewd=\skip66
\h@ngdquotewd=\skip67
\h@ngquerywd=\skip68
\h@ngexclwd=\skip69
\h@ngcolonwd=\skip70
\h@ngscolonwd=\skip71
)
(/usr/share/texlive/texmf-dist/tex/generic/iftex/ifpdf.sty
Package: ifpdf 2019/10/25 v3.4 ifpdf legacy package. Use iftex instead.

(/usr/share/texlive/texmf-dist/tex/generic/iftex/iftex.sty
Package: iftex 2019/11/07 v1.0c TeX engine tests
))
(/usr/share/texlive/texmf-dist/tex/latex/adjustbox/adjustbox.sty
Package: adjustbox 2019/01/04 v1.2 Adjusting TeX boxes (trim, clip, ...)

(/usr/share/texlive/texmf-dist/tex/latex/xkeyval/xkeyval.sty
Package: xkeyval 2014/12/03 v2.7a package option processing (HA)

(/usr/share/texlive/texmf-dist/tex/generic/xkeyval/xkeyval.tex
(/usr/share/texlive/texmf-dist/tex/generic/xkeyval/xkvutils.tex
\XKV@toks=\toks25
\XKV@tempa@toks=\toks26
)
\XKV@depth=\count273
File: xkeyval.tex 2014/12/03 v2.7a key=value parser (HA)
))
(/usr/share/texlive/texmf-dist/tex/latex/adjustbox/adjcalc.sty
Package: adjcalc 2012/05/16 v1.1 Provides advanced setlength with multiple back
-ends (calc, etex, pgfmath)
)
(/usr/share/texlive/texmf-dist/tex/latex/adjustbox/trimclip.sty
Package: trimclip 2018/04/08 v1.1 Trim and clip general TeX material

(/usr/share/texlive/texmf-dist/tex/latex/graphics/graphicx.sty
Package: graphicx 2019/11/30 v1.2a Enhanced LaTeX Graphics (DPC,SPQR)

(/usr/share/texlive/texmf-dist/tex/latex/graphics/graphics.sty
Package: graphics 2019/11/30 v1.4a Standard LaTeX Graphics (DPC,SPQR)

(/usr/share/texlive/texmf-dist/tex/latex/graphics/trig.sty
Package: trig 2016/01/03 v1.10 sin cos tan (DPC)
)
(/usr/share/texlive/texmf-dist/tex/latex/graphics-cfg/graphics.cfg
File: graphics.cfg 2016/06/04 v1.11 sample graphics configuration
)
Package graphics Info: Driver file: pdftex.def on input line 105.
)
\Gin@req@height=\dimen166
\Gin@req@width=\dimen167
)
(/usr/share/texlive/texmf-dist/tex/latex/collectbox/collectbox.sty
Package: collectbox 2012/05/17 v0.4b Collect macro arguments as boxes
\collectedbox=\box103
)
\tc@llx=\dimen168
\tc@lly=\dimen169
\tc@urx=\dimen170
\tc@ury=\dimen171
Package trimclip Info: Using driver 'tc-pdftex.def'.

(/usr/share/texlive/texmf-dist/tex/latex/adjustbox/tc-pdftex.def
File: tc-pdftex.def 2019/01/04 v2.2 Clipping driver for pdftex
))
\adjbox@Width=\dimen172
\adjbox@Height=\dimen173
\adjbox@Depth=\dimen174
\adjbox@Totalheight=\dimen175
\adjbox@pwidth=\dimen176
\adjbox@pheight=\dimen177
\adjbox@pdepth=\dimen178
\adjbox@ptotalheight=\dimen179

(/usr/share/texlive/texmf-dist/tex/latex/ifoddpage/ifoddpage.sty
Package: ifoddpage 2016/04/23 v1.1 Conditionals for odd/even page detection
\c@checkoddpage=\count274
))
(/usr/share/texlive/texmf-dist/tex/latex/amsfonts/amssymb.sty
Package: amssymb 2013/01/14 v3.01 AMS font symbols

(/usr/share/texlive/texmf-dist/tex/latex/amsfonts/amsfonts.sty
Package: amsfonts 2013/01/14 v3.01 Basic AMSFonts support
\@emptytoks=\toks27
\symAMSa=\mathgroup4
\symAMSb=\mathgroup5
LaTeX Font Info:    Redeclaring math symbol \hbar on input line 98.
LaTeX Font Info:    Overwriting math alphabet `\mathfrak' in version `bold'
(Font)                  U/euf/m/n --> U/euf/b/n on input line 106.
))
(/usr/share/texlive/texmf-dist/tex/latex/stackengine/stackengine.sty
Package: stackengine 2017/02/13 v4.01\ Stacking text and objects in convenient 
ways

(/usr/share/texlive/texmf-dist/tex/latex/etoolbox/etoolbox.sty
Package: etoolbox 2019/09/21 v2.5h e-TeX tools for LaTeX (JAW)
\etb@tempcnta=\count275
)
(/usr/share/texlive/texmf-dist/tex/generic/listofitems/listofitems.sty
(/usr/share/texlive/texmf-dist/tex/generic/listofitems/listofitems.tex
\loi_cnt_foreach_nest=\count276
\loi_nestcnt=\count277
)
Package: listofitems 2019/08/21 v1.63 Grab items in lists using user-specified 
sep char (CT)
)
\c@@stackindex=\count278
\@boxshift=\skip72
\stack@tmplength=\skip73
\temp@stkl=\skip74
\@stackedboxwidth=\skip75
\@addedbox=\box104
\@anchorbox=\box105
\stackedbox=\box106
\@centerbox=\box107
\c@ROWcellindex@=\count279
)
(/usr/share/texlive/texmf-dist/tex/latex/enumitem/enumitem.sty
Package: enumitem 2019/06/20 v3.9 Customized lists
\labelindent=\skip76
\enit@outerparindent=\dimen180
\enit@toks=\toks28
\enit@inbox=\box108
\enit@count@id=\count280
\enitdp@description=\count281
)
(/usr/share/texlive/texmf-dist/tex/generic/alphalph/alphalph.sty
Package: alphalph 2019/12/09 v2.6 Convert numbers to letters (HO)

(/usr/share/texlive/texmf-dist/tex/generic/infwarerr/infwarerr.sty
Package: infwarerr 2019/12/03 v1.5 Providing info/warning/error messages (HO)
)
(/usr/share/texlive/texmf-dist/tex/generic/intcalc/intcalc.sty
Package: intcalc 2019/12/15 v1.3 Expandable calculations with integers (HO)
))
(/usr/share/texlive/texmf-dist/tex/generic/ulem/ulem.sty
\UL@box=\box109
\UL@hyphenbox=\box110
\UL@skip=\skip77
\UL@hook=\toks29
\UL@height=\dimen181
\UL@pe=\count282
\UL@pixel=\dimen182
\ULC@box=\box111
Package: ulem 2019/11/18
\ULdepth=\dimen183
)
\xrefbox=\box112
\xreflength=\skip78
\CodeWidthChar=\skip79
\CodeHeightChar=\skip80
\DoxyCodeWidth=\skip81
\c@DoxyEnumeratei=\count283
\c@DoxyEnumerateii=\count284
\c@DoxyEnumerateiii=\count285
\c@DoxyEnumerateiv=\count286
\c@DoxyEnumeratev=\count287
\c@DoxyEnumeratevi=\count288
\c@DoxyEnumeratevii=\count289
\c@DoxyEnumerateviii=\count290
\c@DoxyEnumerateix=\count291
\c@DoxyEnumeratex=\count292
\c@DoxyEnumeratexi=\count293
\c@DoxyEnumeratexii=\count294
\enitdp@DoxyEnumerate=\count295
\enitdp@DoxyItemize=\count296
)
(/usr/share/texlive/texmf-dist/tex/latex/base/inputenc.sty
Package: inputenc 2018/08/11 v1.3c Input encoding file
\inpenc@prehook=\toks30
\inpenc@posthook=\toks31
)
(/usr/share/texlive/texmf-dist/tex/latex/base/makeidx.sty
Package: makeidx 2014/09/29 v1.0m Standard LaTeX package
)
(/usr/share/texlive/texmf-dist/tex/latex/base/textcomp.sty
Package: textcomp 2020/02/02 v2.0n Standard LaTeX package
)
(/usr/share/texlive/texmf-dist/tex/latex/wasysym/wasysym.sty
Package: wasysym 2020/01/19 v2.4 Wasy-2 symbol support package
\symwasy=\mathgroup6
LaTeX Font Info:    Overwriting symbol font `wasy' in version `bold'
(Font)                  U/wasy/m/n --> U/wasy/b/n on input line 93.
)
(/usr/share/texlive/texmf-dist/tex/generic/iftex/ifxetex.sty
Package: ifxetex 2019/10/25 v0.7 ifxetex legacy package. Use iftex instead.
)
(/usr/share/texlive/texmf-dist/tex/latex/base/fontenc.sty
Package: fontenc 2020/02/11 v2.0o Standard LaTeX package
)
(/usr/share/texlive/texmf-dist/tex/latex/psnfss/helvet.sty
Package: helvet 2005/04/12 PSNFSS-v9.2a (WaS) 
)
(/usr/share/texlive/texmf-dist/tex/latex/psnfss/courier.sty
Package: courier 2005/04/12 PSNFSS-v9.2a (WaS) 
)
(/usr/share/texlive/texmf-dist/tex/latex/sectsty/sectsty.sty
Package: sectsty 2002/02/25 v2.0.2 Commands to change all sectional heading sty
les


LaTeX Warning: Command \underbar  has changed.
               Check if current package is valid.


LaTeX Warning: Command \underline  has changed.
               Check if current package is valid.

) (/usr/share/texlive/texmf-dist/tex/latex/geometry/geometry.sty
Package: geometry 2020/01/02 v5.9 Page Geometry

(/usr/share/texlive/texmf-dist/tex/generic/iftex/ifvtex.sty
Package: ifvtex 2019/10/25 v1.7 ifvtex legacy package. Use iftex instead.
)
\Gm@cnth=\count297
\Gm@cntv=\count298
\c@Gm@tempcnt=\count299
\Gm@bindingoffset=\dimen184
\Gm@wd@mp=\dimen185
\Gm@odd@mp=\dimen186
\Gm@even@mp=\dimen187
\Gm@layoutwidth=\dimen188
\Gm@layoutheight=\dimen189
\Gm@layouthoffset=\dimen190
\Gm@layoutvoffset=\dimen191
\Gm@dimlist=\toks32
)
(/usr/share/texlive/texmf-dist/tex/latex/fancyhdr/fancyhdr.sty
Package: fancyhdr 2019/01/31 v3.10 Extensive control of page headers and footer
s
\f@nch@headwidth=\skip82
\f@nch@O@elh=\skip83
\f@nch@O@erh=\skip84
\f@nch@O@olh=\skip85
\f@nch@O@orh=\skip86
\f@nch@O@elf=\skip87
\f@nch@O@erf=\skip88
\f@nch@O@olf=\skip89
\f@nch@O@orf=\skip90
)
(/usr/share/texlive/texmf-dist/tex/latex/natbib/natbib.sty
Package: natbib 2010/09/13 8.31b (PWD, AO)
\bibhang=\skip91
\bibsep=\skip92
LaTeX Info: Redefining \cite on input line 694.
\c@NAT@ctr=\count300
)
(/usr/share/texlive/texmf-dist/tex/latex/tocloft/tocloft.sty
Package: tocloft 2017/08/31 v2.3i parameterised ToC, etc., typesetting
Package tocloft Info: The document has section divisions on input line 51.
\cftparskip=\skip93
\cftbeforetoctitleskip=\skip94
\cftaftertoctitleskip=\skip95
\cftbeforepartskip=\skip96
\cftpartnumwidth=\skip97
\cftpartindent=\skip98
\cftbeforesecskip=\skip99
\cftsecindent=\skip100
\cftsecnumwidth=\skip101
\cftbeforesubsecskip=\skip102
\cftsubsecindent=\skip103
\cftsubsecnumwidth=\skip104
\cftbeforesubsubsecskip=\skip105
\cftsubsubsecindent=\skip106
\cftsubsubsecnumwidth=\skip107
\cftbeforeparaskip=\skip108
\cftparaindent=\skip109
\cftparanumwidth=\skip110
\cftbeforesubparaskip=\skip111
\cftsubparaindent=\skip112
\cftsubparanumwidth=\skip113
\cftbeforeloftitleskip=\skip114
\cftafterloftitleskip=\skip115
\cftbeforefigskip=\skip116
\cftfigindent=\skip117
\cftfignumwidth=\skip118
\c@lofdepth=\count301
\c@lotdepth=\count302
\cftbeforelottitleskip=\skip119
\cftafterlottitleskip=\skip120
\cftbeforetabskip=\skip121
\cfttabindent=\skip122
\cfttabnumwidth=\skip123
)
\@indexfile=\write4
\openout4 = `refman.idx'.


Writing index file refman.idx
(/usr/share/texlive/texmf-dist/tex/latex/newunicodechar/newunicodechar.sty
Package: newunicodechar 2018/04/08 v1.2 Defining Unicode characters
)

Package newunicodechar Warning: Redefining Unicode character on input line 113.



Package newunicodechar Warning: Redefining Unicode character on input line 114.


(/usr/share/texlive/texmf-dist/tex/latex/hyperref/hyperref.sty
Package: hyperref 2020/01/14 v7.00d Hypertext links for LaTeX

(/usr/share/texlive/texmf-dist/tex/generic/ltxcmds/ltxcmds.sty
Package: ltxcmds 2019/12/15 v1.24 LaTeX kernel commands for general use (HO)
)
(/usr/share/texlive/texmf-dist/tex/latex/pdftexcmds/pdftexcmds.sty
Package: pdftexcmds 2019/11/24 v0.31 Utility functions of pdfTeX for LuaTeX (HO
)
Package pdftexcmds Info: \pdf@primitive is available.
Package pdftexcmds Info: \pdf@ifprimitive is available.
Package pdftexcmds Info: \pdfdraftmode found.
)
(/usr/share/texlive/texmf-dist/tex/generic/kvsetkeys/kvsetkeys.sty
Package: kvsetkeys 2019/12/15 v1.18 Key value parser (HO)
)
(/usr/share/texlive/texmf-dist/tex/generic/kvdefinekeys/kvdefinekeys.sty
Package: kvdefinekeys 2019-12-19 v1.6 Define keys (HO)
)
(/usr/share/texlive/texmf-dist/tex/generic/pdfescape/pdfescape.sty
Package: pdfescape 2019/12/09 v1.15 Implements pdfTeX's escape features (HO)
)
(/usr/share/texlive/texmf-dist/tex/latex/hycolor/hycolor.sty
Package: hycolor 2020-01-27 v1.10 Color options for hyperref/bookmark (HO)
)
(/usr/share/texlive/texmf-dist/tex/latex/letltxmacro/letltxmacro.sty
Package: letltxmacro 2019/12/03 v1.6 Let assignment for LaTeX macros (HO)
)
(/usr/share/texlive/texmf-dist/tex/latex/auxhook/auxhook.sty
Package: auxhook 2019-12-17 v1.6 Hooks for auxiliary files (HO)
)
(/usr/share/texlive/texmf-dist/tex/latex/kvoptions/kvoptions.sty
Package: kvoptions 2019/11/29 v3.13 Key value format for package options (HO)
)
\@linkdim=\dimen192
\Hy@linkcounter=\count303
\Hy@pagecounter=\count304

(/usr/share/texlive/texmf-dist/tex/latex/hyperref/pd1enc.def
File: pd1enc.def 2020/01/14 v7.00d Hyperref: PDFDocEncoding definition (HO)
Now handling font encoding PD1 ...
... no UTF-8 mapping file for font encoding PD1
)
(/usr/share/texlive/texmf-dist/tex/generic/etexcmds/etexcmds.sty
Package: etexcmds 2019/12/15 v1.7 Avoid name clashes with e-TeX commands (HO)
)
\Hy@SavedSpaceFactor=\count305
\pdfmajorversion=\count306
Package hyperref Info: Hyper figures OFF on input line 4547.
Package hyperref Info: Link nesting OFF on input line 4552.
Package hyperref Info: Hyper index ON on input line 4555.
Package hyperref Info: Plain pages OFF on input line 4562.
Package hyperref Info: Backreferencing ON on input line 4565.
Package hyperref Info: Implicit mode ON; LaTeX internals redefined.
Package hyperref Info: Bookmarks ON on input line 4800.

(/usr/share/texlive/texmf-dist/tex/latex/hyperref/backref.sty
Package: backref 2020/01/14 v1.40 Bibliographical back referencing

(/usr/share/texlive/texmf-dist/tex/latex/rerunfilecheck/rerunfilecheck.sty
Package: rerunfilecheck 2019/12/05 v1.9 Rerun checks for auxiliary files (HO)

(/usr/share/texlive/texmf-dist/tex/latex/atveryend/atveryend.sty
Package: atveryend 2019-12-11 v1.11 Hooks at the very end of document (HO)
)
(/usr/share/texlive/texmf-dist/tex/generic/uniquecounter/uniquecounter.sty
Package: uniquecounter 2019/12/15 v1.4 Provide unlimited unique counter (HO)

(/usr/share/texlive/texmf-dist/tex/generic/bigintcalc/bigintcalc.sty
Package: bigintcalc 2019/12/15 v1.5 Expandable calculations on big integers (HO
)
))
Package uniquecounter Info: New unique counter `rerunfilecheck' on input line 2
86.
))
\c@Hy@tempcnt=\count307

(/usr/share/texlive/texmf-dist/tex/latex/url/url.sty
\Urlmuskip=\muskip16
Package: url 2013/09/16  ver 3.4  Verb mode for urls, etc.
)
LaTeX Info: Redefining \url on input line 5159.
\XeTeXLinkMargin=\dimen193

(/usr/share/texlive/texmf-dist/tex/generic/bitset/bitset.sty
Package: bitset 2019/12/09 v1.3 Handle bit-vector datatype (HO)
)
\Fld@menulength=\count308
\Field@Width=\dimen194
\Fld@charsize=\dimen195
Package hyperref Info: Hyper figures OFF on input line 6430.
Package hyperref Info: Link nesting OFF on input line 6435.
Package hyperref Info: Hyper index ON on input line 6438.
Package hyperref Info: backreferencing ON on input line 6443.
Package hyperref Info: Link coloring OFF on input line 6450.
Package hyperref Info: Link coloring with OCG OFF on input line 6455.
Package hyperref Info: PDF/A mode OFF on input line 6460.
LaTeX Info: Redefining \ref on input line 6500.
LaTeX Info: Redefining \pageref on input line 6504.

(/usr/share/texlive/texmf-dist/tex/generic/atbegshi/atbegshi.sty
Package: atbegshi 2019/12/05 v1.19 At begin shipout hook (HO)
)
\Hy@abspage=\count309
\c@Item=\count310
\c@Hfootnote=\count311
)
Package hyperref Info: Driver: hpdftex.

(/usr/share/texlive/texmf-dist/tex/latex/hyperref/hpdftex.def
File: hpdftex.def 2020/01/14 v7.00d Hyperref driver for pdfTeX
\Fld@listcount=\count312
\c@bookmark@seq@number=\count313
\Hy@SectionHShift=\skip124
)
Package hyperref Info: Option `colorlinks' set `true' on input line 133.
Package hyperref Info: Option `unicode' set `true' on input line 133.

(/usr/share/texlive/texmf-dist/tex/latex/hyperref/puenc.def
File: puenc.def 2020/01/14 v7.00d Hyperref: PDF Unicode definition (HO)
Now handling font encoding PU ...
... no UTF-8 mapping file for font encoding PU
)
(/usr/share/texlive/texmf-dist/tex/latex/caption/caption.sty
Package: caption 2020/01/03 v3.4h Customizing captions (AR)

(/usr/share/texlive/texmf-dist/tex/latex/caption/caption3.sty
Package: caption3 2020/01/03 v1.8h caption3 kernel (AR)
Package caption3 Info: TeX engine: e-TeX on input line 61.
\captionmargin=\dimen196
\captionmargin@=\dimen197
\captionwidth=\dimen198
\caption@tempdima=\dimen199
\caption@indent=\dimen256
\caption@parindent=\dimen257
\caption@hangindent=\dimen258
Package caption Info: Standard document class detected.
)
\c@caption@flags=\count314
\c@continuedfloat=\count315
Package caption Info: float package is loaded.
Package caption Info: hyperref package is loaded.
Package caption Info: longtable package is loaded.

(/usr/share/texlive/texmf-dist/tex/latex/caption/ltcaption.sty
Package: ltcaption 2018/08/26 v1.4a longtable captions (AR)
))
(/usr/share/texlive/texmf-dist/tex/latex/etoc/etoc.sty
Package: etoc 2019/11/17 v1.09b Completely customisable TOCs (JFB)
\Etoc@toctoks=\toks33
\c@etoc@tocid=\count316
\c@etoc@tocdepth=\count317
\etoc@framed@titlebox=\box113
\etoc@framed@contentsbox=\box114
)
(/usr/share/texlive/texmf-dist/tex/latex/l3backend/l3backend-pdfmode.def
File: l3backend-pdfmode.def 2020-02-03 L3 backend support: PDF mode
\l__kernel_color_stack_int=\count318
\l__pdf_internal_box=\box115
)
(./refman.aux)
\openout1 = `refman.aux'.

LaTeX Font Info:    Checking defaults for OML/cmm/m/it on input line 149.
LaTeX Font Info:    ... okay on input line 149.
LaTeX Font Info:    Checking defaults for OMS/cmsy/m/n on input line 149.
LaTeX Font Info:    ... okay on input line 149.
LaTeX Font Info:    Checking defaults for OT1/cmr/m/n on input line 149.
LaTeX Font Info:    ... okay on input line 149.
LaTeX Font Info:    Checking defaults for T1/cmr/m/n on input line 149.
LaTeX Font Info:    ... okay on input line 149.
LaTeX Font Info:    Checking defaults for TS1/cmr/m/n on input line 149.
LaTeX Font Info:    ... okay on input line 149.
LaTeX Font Info:    Checking defaults for OMX/cmex/m/n on input line 149.
LaTeX Font Info:    ... okay on input line 149.
LaTeX Font Info:    Checking defaults for U/cmr/m/n on input line 149.
LaTeX Font Info:    ... okay on input line 149.
LaTeX Font Info:    Checking defaults for PD1/pdf/m/n on input line 149.
LaTeX Font Info:    ... okay on input line 149.
LaTeX Font Info:    Checking defaults for PU/pdf/m/n on input line 149.
LaTeX Font Info:    ... okay on input line 149.
LaTeX Font Info:    Trying to load font information for T1+phv on input line 14
9.
 (/usr/share/texlive/texmf-dist/tex/latex/psnfss/t1phv.fd
File: t1phv.fd 2001/06/04 scalable font definitions for T1/phv.
)
LaTeX Font Info:    Font shape `T1/phv/m/n' will be
(Font)              scaled to size 8.99994pt on input line 149.

(/usr/share/texlive/texmf-dist/tex/context/base/mkii/supp-pdf.mkii
[Loading MPS to PDF converter (version 2006.09.02).]
\scratchcounter=\count319
\scratchdimen=\dimen259
\scratchbox=\box116
\nofMPsegments=\count320
\nofMParguments=\count321
\everyMPshowfont=\toks34
\MPscratchCnt=\count322
\MPscratchDim=\dimen260
\MPnumerator=\count323
\makeMPintoPDFobject=\count324
\everyMPtoPDFconversion=\toks35
) (/usr/share/texlive/texmf-dist/tex/latex/epstopdf-pkg/epstopdf-base.sty
Package: epstopdf-base 2020-01-24 v2.11 Base part for package epstopdf
Package epstopdf-base Info: Redefining graphics rule for `.eps' on input line 4
85.

(/usr/share/texlive/texmf-dist/tex/latex/latexconfig/epstopdf-sys.cfg
File: epstopdf-sys.cfg 2010/07/13 v1.3 Configuration of (r)epstopdf for TeX Liv
e
))
*geometry* driver: auto-detecting
*geometry* detected driver: pdftex
*geometry* verbose mode - [ preamble ] result:
* driver: pdftex
* paper: a4paper
* layout: <same size as paper>
* layoutoffset:(h,v)=(0.0pt,0.0pt)
* modes: twoside 
* h-part:(L,W,R)=(71.13188pt, 455.24411pt, 71.13188pt)
* v-part:(T,H,B)=(71.13188pt, 702.78308pt, 71.13188pt)
* \paperwidth=597.50787pt
* \paperheight=845.04684pt
* \textwidth=455.24411pt
* \textheight=702.78308pt
* \oddsidemargin=-1.1381pt
* \evensidemargin=-1.1381pt
* \topmargin=-38.1381pt
* \headheight=12.0pt
* \headsep=25.0pt
* \topskip=10.0pt
* \footskip=30.0pt
* \marginparwidth=121.0pt
* \marginparsep=11.0pt
* \columnsep=10.0pt
* \skip\footins=9.0pt plus 4.0pt minus 2.0pt
* \hoffset=0.0pt
* \voffset=0.0pt
* \mag=1000
* \@twocolumnfalse
* \@twosidetrue
* \@mparswitchtrue
* \@reversemarginfalse
* (1in=72.27pt=25.4mm, 1cm=28.453pt)

Package backref Info: ** backref set up for natbib ** on input line 149.
\AtBeginShipoutBox=\box117
Package hyperref Info: Link coloring ON on input line 149.
(/usr/share/texlive/texmf-dist/tex/latex/hyperref/nameref.sty
Package: nameref 2019/09/16 v2.46 Cross-referencing by name of section

(/usr/share/texlive/texmf-dist/tex/latex/refcount/refcount.sty
Package: refcount 2019/12/15 v3.6 Data extraction from label references (HO)
)
(/usr/share/texlive/texmf-dist/tex/generic/gettitlestring/gettitlestring.sty
Package: gettitlestring 2019/12/15 v1.6 Cleanup title references (HO)
)
\c@section@level=\count325
)
LaTeX Info: Redefining \ref on input line 149.
LaTeX Info: Redefining \pageref on input line 149.
LaTeX Info: Redefining \nameref on input line 149.

(./refman.out) (./refman.out)
\@outlinefile=\write5
\openout5 = `refman.out'.

Package caption Info: Begin \AtBeginDocument code.
Package caption Info: End \AtBeginDocument code.
\Etoc@tf=\read4
Package hyperref Info: Option `pageanchor' set `false' on input line 157.
Package hyperref Info: Option `bookmarksnumbered' set `true' on input line 157.

Package hyperref Info: Option `unicode' set `true' on input line 157.
LaTeX Font Info:    Font shape `T1/phv/m/n' will be
(Font)              scaled to size 12.9599pt on input line 162.
LaTeX Font Info:    Font shape `T1/phv/m/n' will be
(Font)              scaled to size 10.79993pt on input line 164.
 [1

{/var/lib/texmf/fonts/map/pdftex/updmap/pdftex.map}]
\tf@toc=\write6
\openout6 = `refman.toc'.

LaTeX Font Info:    Font shape `T1/phv/b/n' will be
(Font)              scaled to size 8.99994pt on input line 169.
LaTeX Font Info:    Trying to load font information for U+msa on input line 169
.
 (/usr/share/texlive/texmf-dist/tex/latex/amsfonts/umsa.fd
File: umsa.fd 2013/01/14 v3.01 AMS symbols A
)
LaTeX Font Info:    Trying to load font information for U+msb on input line 169
.

(/usr/share/texlive/texmf-dist/tex/latex/amsfonts/umsb.fd
File: umsb.fd 2013/01/14 v3.01 AMS symbols B
)
LaTeX Font Info:    Trying to load font information for U+wasy on input line 16
9.

(/usr/share/texlive/texmf-dist/tex/latex/wasysym/uwasy.fd
File: uwasy.fd 2020/01/19 v2.4 Wasy-2 symbol font definitions
)
LaTeX Font Info:    Font shape `T1/phv/m/n' will be
(Font)              scaled to size 6.29996pt on input line 169.
LaTeX Font Info:    Font shape `T1/phv/b/n' will be
(Font)              scaled to size 6.29996pt on input line 169.
 [1] [2]
Package hyperref Info: Option `pageanchor' set `true' on input line 171.
LaTeX Font Info:    Font shape `T1/phv/b/n' will be
(Font)              scaled to size 12.9599pt on input line 173.
 (./index.tex
LaTeX Font Info:    Trying to load font information for TS1+phv on input line 3
.
(/usr/share/texlive/texmf-dist/tex/latex/psnfss/ts1phv.fd
File: ts1phv.fd 2001/06/04 scalable font definitions for TS1/phv.
)
LaTeX Font Info:    Font shape `TS1/phv/m/n' will be
(Font)              scaled to size 8.99994pt on input line 3.
 [1]
LaTeX Font Info:    Font shape `T1/phv/b/n' will be
(Font)              scaled to size 10.79993pt on input line 7.
LaTeX Font Info:    Font shape `T1/phv/m/it' in size <10> not available
(Font)              Font shape `T1/phv/m/sl' tried instead on input line 8.
LaTeX Font Info:    Font shape `T1/phv/m/sl' will be
(Font)              scaled to size 8.99994pt on input line 8.
LaTeX Font Info:    Font shape `T1/phv/m/it' in size <7> not available
(Font)              Font shape `T1/phv/m/sl' tried instead on input line 8.
LaTeX Font Info:    Font shape `T1/phv/m/sl' will be
(Font)              scaled to size 6.29996pt on input line 8.
)
(./namespaces.tex [2]) (./hierarchy.tex) (./annotated.tex [3]) (./files.tex)
(./namespacebuttons.tex [4]
LaTeX Font Info:    Font shape `T1/phv/m/n' will be
(Font)              scaled to size 8.09995pt on input line 12.
LaTeX Font Info:    Font shape `T1/phv/m/it' in size <9> not available
(Font)              Font shape `T1/phv/m/sl' tried instead on input line 12.
LaTeX Font Info:    Font shape `T1/phv/m/sl' will be
(Font)              scaled to size 8.09995pt on input line 12.
LaTeX Font Info:    Font shape `T1/phv/bc/n' will be
(Font)              scaled to size 8.99994pt on input line 24.

Underfull \hbox (badness 10000) detected at line 24
[][][]
 []


Underfull \hbox (badness 10000) detected at line 29
[][][]
 []

) (./namespacebuttons_1_1button.tex
Underfull \hbox (badness 10000) detected at line 18
[][][]
 []


Underfull \hbox (badness 10000) detected at line 23
[][][]
 []

) (./namespacebuttons_1_1check__box.tex [5]
Underfull \hbox (badness 10000) detected at line 18
[][][]
 []


Underfull \hbox (badness 10000) detected at line 23
[][][]
 []

) (./namespacebuttons_1_1input__box.tex
Underfull \hbox (badness 10000) detected at line 18
[][][]
 []


Underfull \hbox (badness 10000) detected at line 23
[][][]
 []

) (./namespacebuttons_1_1menu.tex [6]
Underfull \hbox (badness 10000) detected at line 18
[][][]
 []


Underfull \hbox (badness 10000) detected at line 23
[][][]
 []

) (./namespacelangton.tex
Underfull \hbox (badness 10000) detected at line 24
[][][]
 []


Underfull \hbox (badness 10000) detected at line 29
[][][]
 []

) (./namespacelangton_1_1case.tex [7]
Underfull \hbox (badness 10000) detected at line 18
[][][]
 []


Underfull \hbox (badness 10000) detected at line 23
[][][]
 []

) (./namespacelangton_1_1fourmi.tex
Underfull \hbox (badness 10000) detected at line 18
[][][]
 []


Underfull \hbox (badness 10000) detected at line 23
[][][]
 []

) (./namespacelangton_1_1plateau.tex [8]
Underfull \hbox (badness 10000) detected at line 18
[][][]
 []


Underfull \hbox (badness 10000) detected at line 23
[][][]
 []

) (./namespacelangton_1_1simulation.tex
Underfull \hbox (badness 10000) detected at line 18
[][][]
 []


Underfull \hbox (badness 10000) detected at line 23
[][][]
 []

) (./namespacemain.tex [9]
Underfull \hbox (badness 10000) detected at line 18
[][][]
 []


Underfull \hbox (badness 10000) detected at line 23
[][][]
 []

LaTeX Font Info:    Font shape `T1/phv/m/n' will be
(Font)              scaled to size 7.19995pt on input line 33.
LaTeX Font Info:    Trying to load font information for T1+pcr on input line 33
.
(/usr/share/texlive/texmf-dist/tex/latex/psnfss/t1pcr.fd
File: t1pcr.fd 2001/06/04 font definitions for T1/pcr.
))
(./namespaceutils.tex
Underfull \hbox (badness 10000) detected at line 20
[][][]
 []


Underfull \hbox (badness 10000) detected at line 25
[][][]
 []

) (./namespaceutils_1_1color.tex [10]
Underfull \hbox (badness 10000) detected at line 48
[][][]
 []


Underfull \hbox (badness 10000) detected at line 53
[][][]
 []

[11] [12]) (./namespaceutils_1_1const.tex [13]
Underfull \hbox (badness 10000) detected at line 24
[][][]
 []


Underfull \hbox (badness 10000) detected at line 29
[][][]
 []

) (./classbuttons_1_1button_1_1_button.tex <./classbuttons_1_1button_1_1_button
__inherit__graph.pdf

pdfTeX warning: pdflatex (file ./classbuttons_1_1button_1_1_button__inherit__gr
aph.pdf): PDF inclusion: multiple pdfs with page group included in a single pag
e
>
<classbuttons_1_1button_1_1_button__inherit__graph.pdf, id=980, 411.5375pt x 59
7.23125pt>
File: classbuttons_1_1button_1_1_button__inherit__graph.pdf Graphic file (type 
pdf)
<use classbuttons_1_1button_1_1_button__inherit__graph.pdf>
Package pdftex.def Info: classbuttons_1_1button_1_1_button__inherit__graph.pdf 
 used on input line 14.
(pdftex.def)             Requested size: 350.0pt x 507.93146pt.
 [14] [15] <./classbuttons_1_1button_1_1_button__coll__graph.pdf

pdfTeX warning: pdflatex (file ./classbuttons_1_1button_1_1_button__coll__graph
.pdf): PDF inclusion: multiple pdfs with page group included in a single page
>
<classbuttons_1_1button_1_1_button__coll__graph.pdf, id=1013, 203.76125pt x 348
.30125pt>
File: classbuttons_1_1button_1_1_button__coll__graph.pdf Graphic file (type pdf
)
<use classbuttons_1_1button_1_1_button__coll__graph.pdf>
Package pdftex.def Info: classbuttons_1_1button_1_1_button__coll__graph.pdf  us
ed on input line 23.
(pdftex.def)             Requested size: 203.0pt x 347.01425pt.
 [16]
LaTeX Font Info:    Font shape `TS1/phv/m/it' in size <9> not available
(Font)              Font shape `TS1/phv/m/sl' tried instead on input line 34.
LaTeX Font Info:    Font shape `TS1/phv/m/sl' will be
(Font)              scaled to size 8.09995pt on input line 34.
 [17]
LaTeX Font Info:    Font shape `T1/pcr/m/it' in size <8> not available
(Font)              Font shape `T1/pcr/m/sl' tried instead on input line 88.
LaTeX Font Info:    Trying to load font information for TS1+pcr on input line 8
8.
 (/usr/share/texlive/texmf-dist/tex/latex/psnfss/ts1pcr.fd
File: ts1pcr.fd 2001/06/04 font definitions for TS1/pcr.
)
LaTeX Font Info:    Font shape `TS1/pcr/m/it' in size <8> not available
(Font)              Font shape `TS1/pcr/m/sl' tried instead on input line 88.
 [18] <./classbuttons_1_1button_1_1_button_ac4f99f58b27912deb3b8b884119f736a_ic
graph.pdf

pdfTeX warning: pdflatex (file ./classbuttons_1_1button_1_1_button_ac4f99f58b27
912deb3b8b884119f736a_icgraph.pdf): PDF inclusion: multiple pdfs with page grou
p included in a single page
>
<classbuttons_1_1button_1_1_button_ac4f99f58b27912deb3b8b884119f736a_icgraph.pd
f, id=1109, 658.46pt x 188.705pt>
File: classbuttons_1_1button_1_1_button_ac4f99f58b27912deb3b8b884119f736a_icgra
ph.pdf Graphic file (type pdf)
<use classbuttons_1_1button_1_1_button_ac4f99f58b27912deb3b8b884119f736a_icgrap
h.pdf>
Package pdftex.def Info: classbuttons_1_1button_1_1_button_ac4f99f58b27912deb3b
8b884119f736a_icgraph.pdf  used on input line 167.
(pdftex.def)             Requested size: 350.0pt x 100.30685pt.
 [19]
Underfull \hbox (badness 10000) detected at line 194
[][][]
 []


Underfull \hbox (badness 10000) detected at line 211
[][][]
 []

 <./classbuttons_1_1button_1_1_button_a8a596d4166c7736581e88d3dc4e94191_icgraph
.pdf>
<classbuttons_1_1button_1_1_button_a8a596d4166c7736581e88d3dc4e94191_icgraph.pd
f, id=1144, 465.74pt x 168.63pt>
File: classbuttons_1_1button_1_1_button_a8a596d4166c7736581e88d3dc4e94191_icgra
ph.pdf Graphic file (type pdf)
<use classbuttons_1_1button_1_1_button_a8a596d4166c7736581e88d3dc4e94191_icgrap
h.pdf>
Package pdftex.def Info: classbuttons_1_1button_1_1_button_a8a596d4166c7736581e
88d3dc4e94191_icgraph.pdf  used on input line 245.
(pdftex.def)             Requested size: 350.0pt x 126.72948pt.
 [20] [21]) (./classlangton_1_1case_1_1_case.tex <./classlangton_1_1case_1_1_ca
se__coll__graph.pdf

pdfTeX warning: pdflatex (file ./classlangton_1_1case_1_1_case__coll__graph.pdf
): PDF inclusion: multiple pdfs with page group included in a single page
>
<classlangton_1_1case_1_1_case__coll__graph.pdf, id=1215, 186.6975pt x 215.8062
4pt>
File: classlangton_1_1case_1_1_case__coll__graph.pdf Graphic file (type pdf)
<use classlangton_1_1case_1_1_case__coll__graph.pdf>
Package pdftex.def Info: classlangton_1_1case_1_1_case__coll__graph.pdf  used o
n input line 15.
(pdftex.def)             Requested size: 186.0pt x 215.00882pt.
 [22] [23] <./classlangton_1_1case_1_1_case_a6c6ce1a5c7ef0782f0610a0e04638d88_c
graph.pdf>
<classlangton_1_1case_1_1_case_a6c6ce1a5c7ef0782f0610a0e04638d88_cgraph.pdf, id
=1284, 375.4025pt x 111.41624pt>
File: classlangton_1_1case_1_1_case_a6c6ce1a5c7ef0782f0610a0e04638d88_cgraph.pd
f Graphic file (type pdf)
<use classlangton_1_1case_1_1_case_a6c6ce1a5c7ef0782f0610a0e04638d88_cgraph.pdf
>
Package pdftex.def Info: classlangton_1_1case_1_1_case_a6c6ce1a5c7ef0782f0610a0
e04638d88_cgraph.pdf  used on input line 95.
(pdftex.def)             Requested size: 350.0pt x 103.88293pt.
 <./classlangton_1_1case_1_1_case_a6c6ce1a5c7ef0782f0610a0e04638d88_icgraph.pdf


pdfTeX warning: pdflatex (file ./classlangton_1_1case_1_1_case_a6c6ce1a5c7ef078
2f0610a0e04638d88_icgraph.pdf): PDF inclusion: multiple pdfs with page group in
cluded in a single page
>
<classlangton_1_1case_1_1_case_a6c6ce1a5c7ef0782f0610a0e04638d88_icgraph.pdf, i
d=1292, 641.39626pt x 188.705pt>
File: classlangton_1_1case_1_1_case_a6c6ce1a5c7ef0782f0610a0e04638d88_icgraph.p
df Graphic file (type pdf)
<use classlangton_1_1case_1_1_case_a6c6ce1a5c7ef0782f0610a0e04638d88_icgraph.pd
f>
Package pdftex.def Info: classlangton_1_1case_1_1_case_a6c6ce1a5c7ef0782f0610a0
e04638d88_icgraph.pdf  used on input line 103.
(pdftex.def)             Requested size: 350.0pt x 102.97607pt.
 [24]
Underfull \hbox (badness 10000) detected at line 116
[][][]
 []

 <./classlangton_1_1case_1_1_case_a2d8eb0322e8f4b11e2ea5ed8e32a01e8_icgraph.pdf
>
<classlangton_1_1case_1_1_case_a2d8eb0322e8f4b11e2ea5ed8e32a01e8_icgraph.pdf, i
d=1316, 803.0pt x 188.705pt>
File: classlangton_1_1case_1_1_case_a2d8eb0322e8f4b11e2ea5ed8e32a01e8_icgraph.p
df Graphic file (type pdf)
<use classlangton_1_1case_1_1_case_a2d8eb0322e8f4b11e2ea5ed8e32a01e8_icgraph.pd
f>
Package pdftex.def Info: classlangton_1_1case_1_1_case_a2d8eb0322e8f4b11e2ea5ed
8e32a01e8_icgraph.pdf  used on input line 128.
(pdftex.def)             Requested size: 350.0pt x 82.25012pt.
 <./classlangton_1_1case_1_1_case_a6ec5c7b90d247462c24d71ddccb0e2fb_cgraph.pdf

pdfTeX warning: pdflatex (file ./classlangton_1_1case_1_1_case_a6ec5c7b90d24746
2c24d71ddccb0e2fb_cgraph.pdf): PDF inclusion: multiple pdfs with page group inc
luded in a single page
>
<classlangton_1_1case_1_1_case_a6ec5c7b90d247462c24d71ddccb0e2fb_cgraph.pdf, id
=1327, 390.45876pt x 111.41624pt>
File: classlangton_1_1case_1_1_case_a6ec5c7b90d247462c24d71ddccb0e2fb_cgraph.pd
f Graphic file (type pdf)
<use classlangton_1_1case_1_1_case_a6ec5c7b90d247462c24d71ddccb0e2fb_cgraph.pdf
>
Package pdftex.def Info: classlangton_1_1case_1_1_case_a6ec5c7b90d247462c24d71d
dccb0e2fb_cgraph.pdf  used on input line 154.
(pdftex.def)             Requested size: 350.0pt x 99.87587pt.
 [25] [26]
Underfull \hbox (badness 10000) detected at line 172
[][][]
 []

 <./classlangton_1_1case_1_1_case_ac3c535fbe3cbffd337e2d19cd5861dd4_icgraph.pdf


pdfTeX warning: pdflatex (file ./classlangton_1_1case_1_1_case_ac3c535fbe3cbffd
337e2d19cd5861dd4_icgraph.pdf): PDF inclusion: multiple pdfs with page group in
cluded in a single page
>
<classlangton_1_1case_1_1_case_ac3c535fbe3cbffd337e2d19cd5861dd4_icgraph.pdf, i
d=1355, 390.45876pt x 111.41624pt>
File: classlangton_1_1case_1_1_case_ac3c535fbe3cbffd337e2d19cd5861dd4_icgraph.p
df Graphic file (type pdf)
<use classlangton_1_1case_1_1_case_ac3c535fbe3cbffd337e2d19cd5861dd4_icgraph.pd
f>
Package pdftex.def Info: classlangton_1_1case_1_1_case_ac3c535fbe3cbffd337e2d19
cd5861dd4_icgraph.pdf  used on input line 188.
(pdftex.def)             Requested size: 350.0pt x 99.87587pt.
) (./classbuttons_1_1check__box_1_1_check_box.tex [27] <./classbuttons_1_1check
__box_1_1_check_box__inherit__graph.pdf>
<classbuttons_1_1check__box_1_1_check_box__inherit__graph.pdf, id=1388, 240.9pt
 x 597.23125pt>
File: classbuttons_1_1check__box_1_1_check_box__inherit__graph.pdf Graphic file
 (type pdf)
<use classbuttons_1_1check__box_1_1_check_box__inherit__graph.pdf>
Package pdftex.def Info: classbuttons_1_1check__box_1_1_check_box__inherit__gra
ph.pdf  used on input line 14.
(pdftex.def)             Requested size: 221.86226pt x 550.0pt.
 [28] <./classbuttons_1_1check__box_1_1_check_box__coll__graph.pdf

pdfTeX warning: pdflatex (file ./classbuttons_1_1check__box_1_1_check_box__coll
__graph.pdf): PDF inclusion: multiple pdfs with page group included in a single
 page
>
<classbuttons_1_1check__box_1_1_check_box__coll__graph.pdf, id=1403, 240.9pt x 
597.23125pt>
File: classbuttons_1_1check__box_1_1_check_box__coll__graph.pdf Graphic file (t
ype pdf)
<use classbuttons_1_1check__box_1_1_check_box__coll__graph.pdf>
Package pdftex.def Info: classbuttons_1_1check__box_1_1_check_box__coll__graph.
pdf  used on input line 23.
(pdftex.def)             Requested size: 221.86226pt x 550.0pt.
 [29] [30] <./classbuttons_1_1check__box_1_1_check_box_aa6e7ab9862e039488c493e7
c2ef53015_cgraph.pdf>
<classbuttons_1_1check__box_1_1_check_box_aa6e7ab9862e039488c493e7c2ef53015_cgr
aph.pdf, id=1448, 243.91125pt x 129.48375pt>
File: classbuttons_1_1check__box_1_1_check_box_aa6e7ab9862e039488c493e7c2ef5301
5_cgraph.pdf Graphic file (type pdf)
<use classbuttons_1_1check__box_1_1_check_box_aa6e7ab9862e039488c493e7c2ef53015
_cgraph.pdf>
Package pdftex.def Info: classbuttons_1_1check__box_1_1_check_box_aa6e7ab9862e0
39488c493e7c2ef53015_cgraph.pdf  used on input line 107.
(pdftex.def)             Requested size: 243.0pt x 129.00133pt.
 [31] <./classbuttons_1_1check__box_1_1_check_box_aa6e7ab9862e039488c493e7c2ef5
3015_icgraph.pdf

pdfTeX warning: pdflatex (file ./classbuttons_1_1check__box_1_1_check_box_aa6e7
ab9862e039488c493e7c2ef53015_icgraph.pdf): PDF inclusion: multiple pdfs with pa
ge group included in a single page
>
<classbuttons_1_1check__box_1_1_check_box_aa6e7ab9862e039488c493e7c2ef53015_icg
raph.pdf, id=1479, 243.91125pt x 129.48375pt>
File: classbuttons_1_1check__box_1_1_check_box_aa6e7ab9862e039488c493e7c2ef5301
5_icgraph.pdf Graphic file (type pdf)
<use classbuttons_1_1check__box_1_1_check_box_aa6e7ab9862e039488c493e7c2ef53015
_icgraph.pdf>
Package pdftex.def Info: classbuttons_1_1check__box_1_1_check_box_aa6e7ab9862e0
39488c493e7c2ef53015_icgraph.pdf  used on input line 114.
(pdftex.def)             Requested size: 243.0pt x 129.00133pt.
 [32] <./classbuttons_1_1check__box_1_1_check_box_a623eaa90ee3cdbd8eb60b8395718
b888_icgraph.pdf>
<classbuttons_1_1check__box_1_1_check_box_a623eaa90ee3cdbd8eb60b8395718b888_icg
raph.pdf, id=1503, 695.59875pt x 188.705pt>
File: classbuttons_1_1check__box_1_1_check_box_a623eaa90ee3cdbd8eb60b8395718b88
8_icgraph.pdf Graphic file (type pdf)
<use classbuttons_1_1check__box_1_1_check_box_a623eaa90ee3cdbd8eb60b8395718b888
_icgraph.pdf>
Package pdftex.def Info: classbuttons_1_1check__box_1_1_check_box_a623eaa90ee3c
dbd8eb60b8395718b888_icgraph.pdf  used on input line 171.
(pdftex.def)             Requested size: 350.0pt x 94.94829pt.
 <./classbuttons_1_1check__box_1_1_check_box_a3b5ec6ccbf3e322e76bd8718f01b3a0a_
icgraph.pdf

pdfTeX warning: pdflatex (file ./classbuttons_1_1check__box_1_1_check_box_a3b5e
c6ccbf3e322e76bd8718f01b3a0a_icgraph.pdf): PDF inclusion: multiple pdfs with pa
ge group included in a single page
>
<classbuttons_1_1check__box_1_1_check_box_a3b5ec6ccbf3e322e76bd8718f01b3a0a_icg
raph.pdf, id=1514, 502.87875pt x 168.63pt>
File: classbuttons_1_1check__box_1_1_check_box_a3b5ec6ccbf3e322e76bd8718f01b3a0
a_icgraph.pdf Graphic file (type pdf)
<use classbuttons_1_1check__box_1_1_check_box_a3b5ec6ccbf3e322e76bd8718f01b3a0a
_icgraph.pdf>
Package pdftex.def Info: classbuttons_1_1check__box_1_1_check_box_a3b5ec6ccbf3e
322e76bd8718f01b3a0a_icgraph.pdf  used on input line 201.
(pdftex.def)             Requested size: 350.0pt x 117.36346pt.
 [33] [34]) (./classlangton_1_1fourmi_1_1_fourmi.tex <./classlangton_1_1fourmi_
1_1_fourmi__coll__graph.pdf

pdfTeX warning: pdflatex (file ./classlangton_1_1fourmi_1_1_fourmi__coll__graph
.pdf): PDF inclusion: multiple pdfs with page group included in a single page
>
<classlangton_1_1fourmi_1_1_fourmi__coll__graph.pdf, id=1580, 208.78pt x 469.75
5pt>
File: classlangton_1_1fourmi_1_1_fourmi__coll__graph.pdf Graphic file (type pdf
)
<use classlangton_1_1fourmi_1_1_fourmi__coll__graph.pdf>
Package pdftex.def Info: classlangton_1_1fourmi_1_1_fourmi__coll__graph.pdf  us
ed on input line 14.
(pdftex.def)             Requested size: 208.0pt x 468.0264pt.
 [35]
Underfull \hbox (badness 1348) in paragraph at lines 20--21
[]\T1/phv/m/n/10 def [] (self, co-ords=(0, 0), []=4, []=1, []=0, []=[](255, 255
, 255),(0, 0, 0)[],
 []

[36] [37] <./classlangton_1_1fourmi_1_1_fourmi_a63c2c0c35691f57c64224df4d96f8ed
c_cgraph.pdf

pdfTeX warning: pdflatex (file ./classlangton_1_1fourmi_1_1_fourmi_a63c2c0c3569
1f57c64224df4d96f8edc_cgraph.pdf): PDF inclusion: multiple pdfs with page group
 included in a single page
>
<classlangton_1_1fourmi_1_1_fourmi_a63c2c0c35691f57c64224df4d96f8edc_cgraph.pdf
, id=1703, 665.48625pt x 226.8475pt>
File: classlangton_1_1fourmi_1_1_fourmi_a63c2c0c35691f57c64224df4d96f8edc_cgrap
h.pdf Graphic file (type pdf)
<use classlangton_1_1fourmi_1_1_fourmi_a63c2c0c35691f57c64224df4d96f8edc_cgraph
.pdf>
Package pdftex.def Info: classlangton_1_1fourmi_1_1_fourmi_a63c2c0c35691f57c642
24df4d96f8edc_cgraph.pdf  used on input line 161.
(pdftex.def)             Requested size: 350.0pt x 119.30786pt.
 [38] <./classlangton_1_1fourmi_1_1_fourmi_a63c2c0c35691f57c64224df4d96f8edc_ic
graph.pdf

pdfTeX warning: pdflatex (file ./classlangton_1_1fourmi_1_1_fourmi_a63c2c0c3569
1f57c64224df4d96f8edc_icgraph.pdf): PDF inclusion: multiple pdfs with page grou
p included in a single page
>
<classlangton_1_1fourmi_1_1_fourmi_a63c2c0c35691f57c64224df4d96f8edc_icgraph.pd
f, id=1722, 457.71pt x 100.375pt>
File: classlangton_1_1fourmi_1_1_fourmi_a63c2c0c35691f57c64224df4d96f8edc_icgra
ph.pdf Graphic file (type pdf)
<use classlangton_1_1fourmi_1_1_fourmi_a63c2c0c35691f57c64224df4d96f8edc_icgrap
h.pdf>
Package pdftex.def Info: classlangton_1_1fourmi_1_1_fourmi_a63c2c0c35691f57c642
24df4d96f8edc_icgraph.pdf  used on input line 168.
(pdftex.def)             Requested size: 350.0pt x 76.7575pt.
 <./classlangton_1_1fourmi_1_1_fourmi_a03b7054b55cf2f31c481e0adcf389db8_icgraph
.pdf

pdfTeX warning: pdflatex (file ./classlangton_1_1fourmi_1_1_fourmi_a03b7054b55c
f2f31c481e0adcf389db8_icgraph.pdf): PDF inclusion: multiple pdfs with page grou
p included in a single page
>
<classlangton_1_1fourmi_1_1_fourmi_a03b7054b55cf2f31c481e0adcf389db8_icgraph.pd
f, id=1732, 660.4675pt x 188.705pt>
File: classlangton_1_1fourmi_1_1_fourmi_a03b7054b55cf2f31c481e0adcf389db8_icgra
ph.pdf Graphic file (type pdf)
<use classlangton_1_1fourmi_1_1_fourmi_a03b7054b55cf2f31c481e0adcf389db8_icgrap
h.pdf>
Package pdftex.def Info: classlangton_1_1fourmi_1_1_fourmi_a03b7054b55cf2f31c48
1e0adcf389db8_icgraph.pdf  used on input line 190.
(pdftex.def)             Requested size: 350.0pt x 100.00165pt.
 [39] <./classlangton_1_1fourmi_1_1_fourmi_abd0d697fe07a100233036d8aca30c01e_ic
graph.pdf>
<classlangton_1_1fourmi_1_1_fourmi_abd0d697fe07a100233036d8aca30c01e_icgraph.pd
f, id=1754, 454.69875pt x 111.41624pt>
File: classlangton_1_1fourmi_1_1_fourmi_abd0d697fe07a100233036d8aca30c01e_icgra
ph.pdf Graphic file (type pdf)
<use classlangton_1_1fourmi_1_1_fourmi_abd0d697fe07a100233036d8aca30c01e_icgrap
h.pdf>
Package pdftex.def Info: classlangton_1_1fourmi_1_1_fourmi_abd0d697fe07a1002330
36d8aca30c01e_icgraph.pdf  used on input line 216.
(pdftex.def)             Requested size: 350.0pt x 85.76187pt.

Underfull \hbox (badness 10000) detected at line 229
[][][]
 []

 <./classlangton_1_1fourmi_1_1_fourmi_a653f86d31de2c1e007da91cd82080e63_icgraph
.pdf

pdfTeX warning: pdflatex (file ./classlangton_1_1fourmi_1_1_fourmi_a653f86d31de
2c1e007da91cd82080e63_icgraph.pdf): PDF inclusion: multiple pdfs with page grou
p included in a single page
>
<classlangton_1_1fourmi_1_1_fourmi_a653f86d31de2c1e007da91cd82080e63_icgraph.pd
f, id=1766, 875.27pt x 226.8475pt>
File: classlangton_1_1fourmi_1_1_fourmi_a653f86d31de2c1e007da91cd82080e63_icgra
ph.pdf Graphic file (type pdf)
<use classlangton_1_1fourmi_1_1_fourmi_a653f86d31de2c1e007da91cd82080e63_icgrap
h.pdf>
Package pdftex.def Info: classlangton_1_1fourmi_1_1_fourmi_a653f86d31de2c1e007d
a91cd82080e63_icgraph.pdf  used on input line 259.
(pdftex.def)             Requested size: 350.0pt x 90.70969pt.
 [40] <./classlangton_1_1fourmi_1_1_fourmi_a4114e63858489c625b7361ba53940463_cg
raph.pdf>
<classlangton_1_1fourmi_1_1_fourmi_a4114e63858489c625b7361ba53940463_cgraph.pdf
, id=1791, 461.725pt x 100.375pt>
File: classlangton_1_1fourmi_1_1_fourmi_a4114e63858489c625b7361ba53940463_cgrap
h.pdf Graphic file (type pdf)
<use classlangton_1_1fourmi_1_1_fourmi_a4114e63858489c625b7361ba53940463_cgraph
.pdf>
Package pdftex.def Info: classlangton_1_1fourmi_1_1_fourmi_a4114e63858489c625b7
361ba53940463_cgraph.pdf  used on input line 280.
(pdftex.def)             Requested size: 350.0pt x 76.08667pt.
 <./classlangton_1_1fourmi_1_1_fourmi_a4114e63858489c625b7361ba53940463_icgraph
.pdf

pdfTeX warning: pdflatex (file ./classlangton_1_1fourmi_1_1_fourmi_a4114e638584
89c625b7361ba53940463_icgraph.pdf): PDF inclusion: multiple pdfs with page grou
p included in a single page
>
<classlangton_1_1fourmi_1_1_fourmi_a4114e63858489c625b7361ba53940463_icgraph.pd
f, id=1799, 682.55pt x 100.375pt>
File: classlangton_1_1fourmi_1_1_fourmi_a4114e63858489c625b7361ba53940463_icgra
ph.pdf Graphic file (type pdf)
<use classlangton_1_1fourmi_1_1_fourmi_a4114e63858489c625b7361ba53940463_icgrap
h.pdf>
Package pdftex.def Info: classlangton_1_1fourmi_1_1_fourmi_a4114e63858489c625b7
361ba53940463_icgraph.pdf  used on input line 287.
(pdftex.def)             Requested size: 350.0pt x 51.47084pt.
 <./classlangton_1_1fourmi_1_1_fourmi_adf2ac14b2cbe11b5dfdb399c6cb05d8f_cgraph.
pdf

pdfTeX warning: pdflatex (file ./classlangton_1_1fourmi_1_1_fourmi_adf2ac14b2cb
e11b5dfdb399c6cb05d8f_cgraph.pdf): PDF inclusion: multiple pdfs with page group
 included in a single page
>
<classlangton_1_1fourmi_1_1_fourmi_adf2ac14b2cbe11b5dfdb399c6cb05d8f_cgraph.pdf
, id=1810, 451.6875pt x 100.375pt>
File: classlangton_1_1fourmi_1_1_fourmi_adf2ac14b2cbe11b5dfdb399c6cb05d8f_cgrap
h.pdf Graphic file (type pdf)
<use classlangton_1_1fourmi_1_1_fourmi_adf2ac14b2cbe11b5dfdb399c6cb05d8f_cgraph
.pdf>
Package pdftex.def Info: classlangton_1_1fourmi_1_1_fourmi_adf2ac14b2cbe11b5dfd
b399c6cb05d8f_cgraph.pdf  used on input line 308.
(pdftex.def)             Requested size: 350.0pt x 77.78215pt.
 <./classlangton_1_1fourmi_1_1_fourmi_adf2ac14b2cbe11b5dfdb399c6cb05d8f_icgraph
.pdf

pdfTeX warning: pdflatex (file ./classlangton_1_1fourmi_1_1_fourmi_adf2ac14b2cb
e11b5dfdb399c6cb05d8f_icgraph.pdf): PDF inclusion: multiple pdfs with page grou
p included in a single page
>
<classlangton_1_1fourmi_1_1_fourmi_adf2ac14b2cbe11b5dfdb399c6cb05d8f_icgraph.pd
f, id=1818, 672.5125pt x 100.375pt>
File: classlangton_1_1fourmi_1_1_fourmi_adf2ac14b2cbe11b5dfdb399c6cb05d8f_icgra
ph.pdf Graphic file (type pdf)
<use classlangton_1_1fourmi_1_1_fourmi_adf2ac14b2cbe11b5dfdb399c6cb05d8f_icgrap
h.pdf>
Package pdftex.def Info: classlangton_1_1fourmi_1_1_fourmi_adf2ac14b2cbe11b5dfd
b399c6cb05d8f_icgraph.pdf  used on input line 315.
(pdftex.def)             Requested size: 350.0pt x 52.23817pt.
 [41] <./classlangton_1_1fourmi_1_1_fourmi_aeeb149c272549bb7e51973b7f35a56e2_cg
raph.pdf>
<classlangton_1_1fourmi_1_1_fourmi_aeeb149c272549bb7e51973b7f35a56e2_cgraph.pdf
, id=1841, 429.605pt x 111.41624pt>
File: classlangton_1_1fourmi_1_1_fourmi_aeeb149c272549bb7e51973b7f35a56e2_cgrap
h.pdf Graphic file (type pdf)
<use classlangton_1_1fourmi_1_1_fourmi_aeeb149c272549bb7e51973b7f35a56e2_cgraph
.pdf>
Package pdftex.def Info: classlangton_1_1fourmi_1_1_fourmi_aeeb149c272549bb7e51
973b7f35a56e2_cgraph.pdf  used on input line 336.
(pdftex.def)             Requested size: 350.0pt x 90.77197pt.
 <./classlangton_1_1fourmi_1_1_fourmi_aeeb149c272549bb7e51973b7f35a56e2_icgraph
.pdf

pdfTeX warning: pdflatex (file ./classlangton_1_1fourmi_1_1_fourmi_aeeb149c2725
49bb7e51973b7f35a56e2_icgraph.pdf): PDF inclusion: multiple pdfs with page grou
p included in a single page
>
<classlangton_1_1fourmi_1_1_fourmi_aeeb149c272549bb7e51973b7f35a56e2_icgraph.pd
f, id=1849, 650.43pt x 111.41624pt>
File: classlangton_1_1fourmi_1_1_fourmi_aeeb149c272549bb7e51973b7f35a56e2_icgra
ph.pdf Graphic file (type pdf)
<use classlangton_1_1fourmi_1_1_fourmi_aeeb149c272549bb7e51973b7f35a56e2_icgrap
h.pdf>
Package pdftex.def Info: classlangton_1_1fourmi_1_1_fourmi_aeeb149c272549bb7e51
973b7f35a56e2_icgraph.pdf  used on input line 343.
(pdftex.def)             Requested size: 350.0pt x 59.95476pt.
 <./classlangton_1_1fourmi_1_1_fourmi_a95f1c25b25e8b992212485db531f8c21_cgraph.
pdf

pdfTeX warning: pdflatex (file ./classlangton_1_1fourmi_1_1_fourmi_a95f1c25b25e
8b992212485db531f8c21_cgraph.pdf): PDF inclusion: multiple pdfs with page group
 included in a single page
>
<classlangton_1_1fourmi_1_1_fourmi_a95f1c25b25e8b992212485db531f8c21_cgraph.pdf
, id=1860, 446.66875pt x 100.375pt>
File: classlangton_1_1fourmi_1_1_fourmi_a95f1c25b25e8b992212485db531f8c21_cgrap
h.pdf Graphic file (type pdf)
<use classlangton_1_1fourmi_1_1_fourmi_a95f1c25b25e8b992212485db531f8c21_cgraph
.pdf>
Package pdftex.def Info: classlangton_1_1fourmi_1_1_fourmi_a95f1c25b25e8b992212
485db531f8c21_cgraph.pdf  used on input line 364.
(pdftex.def)             Requested size: 350.0pt x 78.65363pt.
 [42] <./classlangton_1_1fourmi_1_1_fourmi_a95f1c25b25e8b992212485db531f8c21_ic
graph.pdf>
<classlangton_1_1fourmi_1_1_fourmi_a95f1c25b25e8b992212485db531f8c21_icgraph.pd
f, id=1880, 667.49374pt x 100.375pt>
File: classlangton_1_1fourmi_1_1_fourmi_a95f1c25b25e8b992212485db531f8c21_icgra
ph.pdf Graphic file (type pdf)
<use classlangton_1_1fourmi_1_1_fourmi_a95f1c25b25e8b992212485db531f8c21_icgrap
h.pdf>
Package pdftex.def Info: classlangton_1_1fourmi_1_1_fourmi_a95f1c25b25e8b992212
485db531f8c21_icgraph.pdf  used on input line 371.
(pdftex.def)             Requested size: 350.0pt x 52.63332pt.
 <./classlangton_1_1fourmi_1_1_fourmi_a94f50ddabad6971f3ed75329d4ea028f_cgraph.
pdf

pdfTeX warning: pdflatex (file ./classlangton_1_1fourmi_1_1_fourmi_a94f50ddabad
6971f3ed75329d4ea028f_cgraph.pdf): PDF inclusion: multiple pdfs with page group
 included in a single page
>
<classlangton_1_1fourmi_1_1_fourmi_a94f50ddabad6971f3ed75329d4ea028f_cgraph.pdf
, id=1890, 875.27pt x 318.18875pt>
File: classlangton_1_1fourmi_1_1_fourmi_a94f50ddabad6971f3ed75329d4ea028f_cgrap
h.pdf Graphic file (type pdf)
<use classlangton_1_1fourmi_1_1_fourmi_a94f50ddabad6971f3ed75329d4ea028f_cgraph
.pdf>
Package pdftex.def Info: classlangton_1_1fourmi_1_1_fourmi_a94f50ddabad6971f3ed
75329d4ea028f_cgraph.pdf  used on input line 397.
(pdftex.def)             Requested size: 350.0pt x 127.23439pt.
 [43] <./classlangton_1_1fourmi_1_1_fourmi_a8668301bd55f2d65fc909d69091436cc_cg
raph.pdf>
<classlangton_1_1fourmi_1_1_fourmi_a8668301bd55f2d65fc909d69091436cc_cgraph.pdf
, id=1913, 664.4825pt x 396.48125pt>
File: classlangton_1_1fourmi_1_1_fourmi_a8668301bd55f2d65fc909d69091436cc_cgrap
h.pdf Graphic file (type pdf)
<use classlangton_1_1fourmi_1_1_fourmi_a8668301bd55f2d65fc909d69091436cc_cgraph
.pdf>
Package pdftex.def Info: classlangton_1_1fourmi_1_1_fourmi_a8668301bd55f2d65fc9
09d69091436cc_cgraph.pdf  used on input line 419.
(pdftex.def)             Requested size: 350.0pt x 208.83939pt.
 <./classlangton_1_1fourmi_1_1_fourmi_a55dbd634f433ff3b2b756b130ef9189a_cgraph.
pdf

pdfTeX warning: pdflatex (file ./classlangton_1_1fourmi_1_1_fourmi_a55dbd634f43
3ff3b2b756b130ef9189a_cgraph.pdf): PDF inclusion: multiple pdfs with page group
 included in a single page
>
<classlangton_1_1fourmi_1_1_fourmi_a55dbd634f433ff3b2b756b130ef9189a_cgraph.pdf
, id=1923, 454.69875pt x 150.5625pt>
File: classlangton_1_1fourmi_1_1_fourmi_a55dbd634f433ff3b2b756b130ef9189a_cgrap
h.pdf Graphic file (type pdf)
<use classlangton_1_1fourmi_1_1_fourmi_a55dbd634f433ff3b2b756b130ef9189a_cgraph
.pdf>
Package pdftex.def Info: classlangton_1_1fourmi_1_1_fourmi_a55dbd634f433ff3b2b7
56b130ef9189a_cgraph.pdf  used on input line 445.
(pdftex.def)             Requested size: 350.0pt x 115.89441pt.
 [44] <./classlangton_1_1fourmi_1_1_fourmi_a55dbd634f433ff3b2b756b130ef9189a_ic
graph.pdf>
<classlangton_1_1fourmi_1_1_fourmi_a55dbd634f433ff3b2b756b130ef9189a_icgraph.pd
f, id=1942, 448.67625pt x 100.375pt>
File: classlangton_1_1fourmi_1_1_fourmi_a55dbd634f433ff3b2b756b130ef9189a_icgra
ph.pdf Graphic file (type pdf)
<use classlangton_1_1fourmi_1_1_fourmi_a55dbd634f433ff3b2b756b130ef9189a_icgrap
h.pdf>
Package pdftex.def Info: classlangton_1_1fourmi_1_1_fourmi_a55dbd634f433ff3b2b7
56b130ef9189a_icgraph.pdf  used on input line 452.
(pdftex.def)             Requested size: 350.0pt x 78.30289pt.
 <./classlangton_1_1fourmi_1_1_fourmi_a0086306565c8d2d16a39e8d2197c5268_icgraph
.pdf

pdfTeX warning: pdflatex (file ./classlangton_1_1fourmi_1_1_fourmi_a0086306565c
8d2d16a39e8d2197c5268_icgraph.pdf): PDF inclusion: multiple pdfs with page grou
p included in a single page
>
<classlangton_1_1fourmi_1_1_fourmi_a0086306565c8d2d16a39e8d2197c5268_icgraph.pd
f, id=1952, 664.4825pt x 100.375pt>
File: classlangton_1_1fourmi_1_1_fourmi_a0086306565c8d2d16a39e8d2197c5268_icgra
ph.pdf Graphic file (type pdf)
<use classlangton_1_1fourmi_1_1_fourmi_a0086306565c8d2d16a39e8d2197c5268_icgrap
h.pdf>
Package pdftex.def Info: classlangton_1_1fourmi_1_1_fourmi_a0086306565c8d2d16a3
9e8d2197c5268_icgraph.pdf  used on input line 473.
(pdftex.def)             Requested size: 350.0pt x 52.87073pt.
 <./classlangton_1_1fourmi_1_1_fourmi_ad1ad1d420abb8c6e559647a02084ae39_icgraph
.pdf

pdfTeX warning: pdflatex (file ./classlangton_1_1fourmi_1_1_fourmi_ad1ad1d420ab
b8c6e559647a02084ae39_icgraph.pdf): PDF inclusion: multiple pdfs with page grou
p included in a single page
>
<classlangton_1_1fourmi_1_1_fourmi_ad1ad1d420abb8c6e559647a02084ae39_icgraph.pd
f, id=1962, 643.40375pt x 111.41624pt>
File: classlangton_1_1fourmi_1_1_fourmi_ad1ad1d420abb8c6e559647a02084ae39_icgra
ph.pdf Graphic file (type pdf)
<use classlangton_1_1fourmi_1_1_fourmi_ad1ad1d420abb8c6e559647a02084ae39_icgrap
h.pdf>
Package pdftex.def Info: classlangton_1_1fourmi_1_1_fourmi_ad1ad1d420abb8c6e559
647a02084ae39_icgraph.pdf  used on input line 494.
(pdftex.def)             Requested size: 350.0pt x 60.60928pt.
 [45] [46] [47]) (./classbuttons_1_1input__box_1_1_input_box.tex <./classbutton
s_1_1input__box_1_1_input_box__inherit__graph.pdf

pdfTeX warning: pdflatex (file ./classbuttons_1_1input__box_1_1_input_box__inhe
rit__graph.pdf): PDF inclusion: multiple pdfs with page group included in a sin
gle page
>
<classbuttons_1_1input__box_1_1_input_box__inherit__graph.pdf, id=2052, 231.866
26pt x 575.14874pt>
File: classbuttons_1_1input__box_1_1_input_box__inherit__graph.pdf Graphic file
 (type pdf)
<use classbuttons_1_1input__box_1_1_input_box__inherit__graph.pdf>
Package pdftex.def Info: classbuttons_1_1input__box_1_1_input_box__inherit__gra
ph.pdf  used on input line 14.
(pdftex.def)             Requested size: 221.73286pt x 550.0pt.
 [48] <./classbuttons_1_1input__box_1_1_input_box__coll__graph.pdf

pdfTeX warning: pdflatex (file ./classbuttons_1_1input__box_1_1_input_box__coll
__graph.pdf): PDF inclusion: multiple pdfs with page group included in a single
 page
>
<classbuttons_1_1input__box_1_1_input_box__coll__graph.pdf, id=2072, 231.86626p
t x 575.14874pt>
File: classbuttons_1_1input__box_1_1_input_box__coll__graph.pdf Graphic file (t
ype pdf)
<use classbuttons_1_1input__box_1_1_input_box__coll__graph.pdf>
Package pdftex.def Info: classbuttons_1_1input__box_1_1_input_box__coll__graph.
pdf  used on input line 23.
(pdftex.def)             Requested size: 221.73286pt x 550.0pt.
 [49] [50]
LaTeX Font Info:    Font shape `T1/pcr/m/it' in size <7> not available
(Font)              Font shape `T1/pcr/m/sl' tried instead on input line 74.
 <./classbuttons_1_1input__box_1_1_input_box_ae74a5fc50f0af93ccf25812f0d0b329a_
cgraph.pdf>
<classbuttons_1_1input__box_1_1_input_box_ae74a5fc50f0af93ccf25812f0d0b329a_cgr
aph.pdf, id=2118, 234.8775pt x 129.48375pt>
File: classbuttons_1_1input__box_1_1_input_box_ae74a5fc50f0af93ccf25812f0d0b329
a_cgraph.pdf Graphic file (type pdf)
<use classbuttons_1_1input__box_1_1_input_box_ae74a5fc50f0af93ccf25812f0d0b329a
_cgraph.pdf>
Package pdftex.def Info: classbuttons_1_1input__box_1_1_input_box_ae74a5fc50f0a
f93ccf25812f0d0b329a_cgraph.pdf  used on input line 103.
(pdftex.def)             Requested size: 234.0pt x 128.99934pt.
 [51] <./classbuttons_1_1input__box_1_1_input_box_ae74a5fc50f0af93ccf25812f0d0b
329a_icgraph.pdf

pdfTeX warning: pdflatex (file ./classbuttons_1_1input__box_1_1_input_box_ae74a
5fc50f0af93ccf25812f0d0b329a_icgraph.pdf): PDF inclusion: multiple pdfs with pa
ge group included in a single page
>
<classbuttons_1_1input__box_1_1_input_box_ae74a5fc50f0af93ccf25812f0d0b329a_icg
raph.pdf, id=2146, 234.8775pt x 129.48375pt>
File: classbuttons_1_1input__box_1_1_input_box_ae74a5fc50f0af93ccf25812f0d0b329
a_icgraph.pdf Graphic file (type pdf)
<use classbuttons_1_1input__box_1_1_input_box_ae74a5fc50f0af93ccf25812f0d0b329a
_icgraph.pdf>
Package pdftex.def Info: classbuttons_1_1input__box_1_1_input_box_ae74a5fc50f0a
f93ccf25812f0d0b329a_icgraph.pdf  used on input line 110.
(pdftex.def)             Requested size: 234.0pt x 128.99934pt.
 <./classbuttons_1_1input__box_1_1_input_box_a9904d3efc932daa353012866cc1f15fe_
icgraph.pdf

pdfTeX warning: pdflatex (file ./classbuttons_1_1input__box_1_1_input_box_a9904
d3efc932daa353012866cc1f15fe_icgraph.pdf): PDF inclusion: multiple pdfs with pa
ge group included in a single page
>
<classbuttons_1_1input__box_1_1_input_box_a9904d3efc932daa353012866cc1f15fe_icg
raph.pdf, id=2157, 686.565pt x 188.705pt>
File: classbuttons_1_1input__box_1_1_input_box_a9904d3efc932daa353012866cc1f15f
e_icgraph.pdf Graphic file (type pdf)
<use classbuttons_1_1input__box_1_1_input_box_a9904d3efc932daa353012866cc1f15fe
_icgraph.pdf>
Package pdftex.def Info: classbuttons_1_1input__box_1_1_input_box_a9904d3efc932
daa353012866cc1f15fe_icgraph.pdf  used on input line 149.
(pdftex.def)             Requested size: 350.0pt x 96.19795pt.
 [52] <./classbuttons_1_1input__box_1_1_input_box_ae477bf312c1c943fc39c59458024
5d9b_icgraph.pdf>
<classbuttons_1_1input__box_1_1_input_box_ae477bf312c1c943fc39c594580245d9b_icg
raph.pdf, id=2180, 493.845pt x 168.63pt>
File: classbuttons_1_1input__box_1_1_input_box_ae477bf312c1c943fc39c594580245d9
b_icgraph.pdf Graphic file (type pdf)
<use classbuttons_1_1input__box_1_1_input_box_ae477bf312c1c943fc39c594580245d9b
_icgraph.pdf>
Package pdftex.def Info: classbuttons_1_1input__box_1_1_input_box_ae477bf312c1c
943fc39c594580245d9b_icgraph.pdf  used on input line 179.
(pdftex.def)             Requested size: 350.0pt x 119.51198pt.
 [53]) (./classbuttons_1_1menu_1_1_menu.tex <./classbuttons_1_1menu_1_1_menu__c
oll__graph.pdf>
<classbuttons_1_1menu_1_1_menu__coll__graph.pdf, id=2224, 194.7275pt x 204.765p
t>
File: classbuttons_1_1menu_1_1_menu__coll__graph.pdf Graphic file (type pdf)
<use classbuttons_1_1menu_1_1_menu__coll__graph.pdf>
Package pdftex.def Info: classbuttons_1_1menu_1_1_menu__coll__graph.pdf  used o
n input line 14.
(pdftex.def)             Requested size: 194.0pt x 204.00835pt.
 [54] [55] [56] <./classbuttons_1_1menu_1_1_menu_a4d4a71c664b0488c338e415e91b3d
09b_icgraph.pdf

pdfTeX warning: pdflatex (file ./classbuttons_1_1menu_1_1_menu_a4d4a71c664b0488
c338e415e91b3d09b_icgraph.pdf): PDF inclusion: multiple pdfs with page group in
cluded in a single page
>
<classbuttons_1_1menu_1_1_menu_a4d4a71c664b0488c338e415e91b3d09b_icgraph.pdf, i
d=2325, 649.42625pt x 188.705pt>
File: classbuttons_1_1menu_1_1_menu_a4d4a71c664b0488c338e415e91b3d09b_icgraph.p
df Graphic file (type pdf)
<use classbuttons_1_1menu_1_1_menu_a4d4a71c664b0488c338e415e91b3d09b_icgraph.pd
f>
Package pdftex.def Info: classbuttons_1_1menu_1_1_menu_a4d4a71c664b0488c338e415
e91b3d09b_icgraph.pdf  used on input line 120.
(pdftex.def)             Requested size: 350.0pt x 101.70049pt.
 [57] <./classbuttons_1_1menu_1_1_menu_a7b126e496238018ea4eaab5c9a739c8a_icgrap
h.pdf>
<classbuttons_1_1menu_1_1_menu_a7b126e496238018ea4eaab5c9a739c8a_icgraph.pdf, i
d=2353, 456.70625pt x 168.63pt>
File: classbuttons_1_1menu_1_1_menu_a7b126e496238018ea4eaab5c9a739c8a_icgraph.p
df Graphic file (type pdf)
<use classbuttons_1_1menu_1_1_menu_a7b126e496238018ea4eaab5c9a739c8a_icgraph.pd
f>
Package pdftex.def Info: classbuttons_1_1menu_1_1_menu_a7b126e496238018ea4eaab5
c9a739c8a_icgraph.pdf  used on input line 167.
(pdftex.def)             Requested size: 350.0pt x 129.23567pt.
) (./classlangton_1_1plateau_1_1_plateau.tex <./classlangton_1_1plateau_1_1_pla
teau__coll__graph.pdf

pdfTeX warning: pdflatex (file ./classlangton_1_1plateau_1_1_plateau__coll__gra
ph.pdf): PDF inclusion: multiple pdfs with page group included in a single page

>
<classlangton_1_1plateau_1_1_plateau__coll__graph.pdf, id=2369, 213.79875pt x 3
48.30125pt>
File: classlangton_1_1plateau_1_1_plateau__coll__graph.pdf Graphic file (type p
df)
<use classlangton_1_1plateau_1_1_plateau__coll__graph.pdf>
Package pdftex.def Info: classlangton_1_1plateau_1_1_plateau__coll__graph.pdf  
used on input line 15.
(pdftex.def)             Requested size: 213.0pt x 346.9983pt.
 [58] [59] [60] <./classlangton_1_1plateau_1_1_plateau_aa519fa85d8aea1c7ba0199c
b6c3f9eb3_cgraph.pdf

pdfTeX warning: pdflatex (file ./classlangton_1_1plateau_1_1_plateau_aa519fa85d
8aea1c7ba0199cb6c3f9eb3_cgraph.pdf): PDF inclusion: multiple pdfs with page gro
up included in a single page
>
<classlangton_1_1plateau_1_1_plateau_aa519fa85d8aea1c7ba0199cb6c3f9eb3_cgraph.p
df, id=2471, 443.6575pt x 124.465pt>
File: classlangton_1_1plateau_1_1_plateau_aa519fa85d8aea1c7ba0199cb6c3f9eb3_cgr
aph.pdf Graphic file (type pdf)
<use classlangton_1_1plateau_1_1_plateau_aa519fa85d8aea1c7ba0199cb6c3f9eb3_cgra
ph.pdf>
Package pdftex.def Info: classlangton_1_1plateau_1_1_plateau_aa519fa85d8aea1c7b
a0199cb6c3f9eb3_cgraph.pdf  used on input line 144.
(pdftex.def)             Requested size: 350.0pt x 98.18951pt.
 <./classlangton_1_1plateau_1_1_plateau_aa519fa85d8aea1c7ba0199cb6c3f9eb3_icgra
ph.pdf

pdfTeX warning: pdflatex (file ./classlangton_1_1plateau_1_1_plateau_aa519fa85d
8aea1c7ba0199cb6c3f9eb3_icgraph.pdf): PDF inclusion: multiple pdfs with page gr
oup included in a single page
>
<classlangton_1_1plateau_1_1_plateau_aa519fa85d8aea1c7ba0199cb6c3f9eb3_icgraph.
pdf, id=2479, 683.55376pt x 226.8475pt>
File: classlangton_1_1plateau_1_1_plateau_aa519fa85d8aea1c7ba0199cb6c3f9eb3_icg
raph.pdf Graphic file (type pdf)
<use classlangton_1_1plateau_1_1_plateau_aa519fa85d8aea1c7ba0199cb6c3f9eb3_icgr
aph.pdf>
Package pdftex.def Info: classlangton_1_1plateau_1_1_plateau_aa519fa85d8aea1c7b
a0199cb6c3f9eb3_icgraph.pdf  used on input line 152.
(pdftex.def)             Requested size: 350.0pt x 116.15451pt.
 [61] <./classlangton_1_1plateau_1_1_plateau_a75bfbd1e8d9afb599e2d3722242dbb62_
cgraph.pdf>
<classlangton_1_1plateau_1_1_plateau_a75bfbd1e8d9afb599e2d3722242dbb62_cgraph.p
df, id=2503, 886.31125pt x 124.465pt>
File: classlangton_1_1plateau_1_1_plateau_a75bfbd1e8d9afb599e2d3722242dbb62_cgr
aph.pdf Graphic file (type pdf)
<use classlangton_1_1plateau_1_1_plateau_a75bfbd1e8d9afb599e2d3722242dbb62_cgra
ph.pdf>
Package pdftex.def Info: classlangton_1_1plateau_1_1_plateau_a75bfbd1e8d9afb599
e2d3722242dbb62_cgraph.pdf  used on input line 179.
(pdftex.def)             Requested size: 350.0pt x 49.15079pt.
 <./classlangton_1_1plateau_1_1_plateau_a4901f3e6df258fea763776a095b2488d_cgrap
h.pdf

pdfTeX warning: pdflatex (file ./classlangton_1_1plateau_1_1_plateau_a4901f3e6d
f258fea763776a095b2488d_cgraph.pdf): PDF inclusion: multiple pdfs with page gro
up included in a single page
>
<classlangton_1_1plateau_1_1_plateau_a4901f3e6df258fea763776a095b2488d_cgraph.p
df, id=2513, 668.4975pt x 124.465pt>
File: classlangton_1_1plateau_1_1_plateau_a4901f3e6df258fea763776a095b2488d_cgr
aph.pdf Graphic file (type pdf)
<use classlangton_1_1plateau_1_1_plateau_a4901f3e6df258fea763776a095b2488d_cgra
ph.pdf>
Package pdftex.def Info: classlangton_1_1plateau_1_1_plateau_a4901f3e6df258fea7
63776a095b2488d_cgraph.pdf  used on input line 206.
(pdftex.def)             Requested size: 350.0pt x 65.16656pt.
 <./classlangton_1_1plateau_1_1_plateau_a4901f3e6df258fea763776a095b2488d_icgra
ph.pdf

pdfTeX warning: pdflatex (file ./classlangton_1_1plateau_1_1_plateau_a4901f3e6d
f258fea763776a095b2488d_icgraph.pdf): PDF inclusion: multiple pdfs with page gr
oup included in a single page
>
<classlangton_1_1plateau_1_1_plateau_a4901f3e6df258fea763776a095b2488d_icgraph.
pdf, id=2521, 486.81876pt x 100.375pt>
File: classlangton_1_1plateau_1_1_plateau_a4901f3e6df258fea763776a095b2488d_icg
raph.pdf Graphic file (type pdf)
<use classlangton_1_1plateau_1_1_plateau_a4901f3e6df258fea763776a095b2488d_icgr
aph.pdf>
Package pdftex.def Info: classlangton_1_1plateau_1_1_plateau_a4901f3e6df258fea7
63776a095b2488d_icgraph.pdf  used on input line 214.
(pdftex.def)             Requested size: 350.0pt x 72.16425pt.
 [62] <./classlangton_1_1plateau_1_1_plateau_a7ef36e6162676469a22dd4415175e787_
cgraph.pdf>
<classlangton_1_1plateau_1_1_plateau_a7ef36e6162676469a22dd4415175e787_cgraph.p
df, id=2544, 715.67375pt x 429.605pt>
File: classlangton_1_1plateau_1_1_plateau_a7ef36e6162676469a22dd4415175e787_cgr
aph.pdf Graphic file (type pdf)
<use classlangton_1_1plateau_1_1_plateau_a7ef36e6162676469a22dd4415175e787_cgra
ph.pdf>
Package pdftex.def Info: classlangton_1_1plateau_1_1_plateau_a7ef36e6162676469a
22dd4415175e787_cgraph.pdf  used on input line 236.
(pdftex.def)             Requested size: 350.0pt x 210.10185pt.
 <./classlangton_1_1plateau_1_1_plateau_a7ef36e6162676469a22dd4415175e787_icgra
ph.pdf

pdfTeX warning: pdflatex (file ./classlangton_1_1plateau_1_1_plateau_a7ef36e616
2676469a22dd4415175e787_icgraph.pdf): PDF inclusion: multiple pdfs with page gr
oup included in a single page
>
<classlangton_1_1plateau_1_1_plateau_a7ef36e6162676469a22dd4415175e787_icgraph.
pdf, id=2552, 471.7625pt x 138.5175pt>
File: classlangton_1_1plateau_1_1_plateau_a7ef36e6162676469a22dd4415175e787_icg
raph.pdf Graphic file (type pdf)
<use classlangton_1_1plateau_1_1_plateau_a7ef36e6162676469a22dd4415175e787_icgr
aph.pdf>
Package pdftex.def Info: classlangton_1_1plateau_1_1_plateau_a7ef36e6162676469a
22dd4415175e787_icgraph.pdf  used on input line 244.
(pdftex.def)             Requested size: 350.0pt x 102.76764pt.
 [63] <./classlangton_1_1plateau_1_1_plateau_a87a158bfa97b40bc455e248704e77d91_
icgraph.pdf>
<classlangton_1_1plateau_1_1_plateau_a87a158bfa97b40bc455e248704e77d91_icgraph.
pdf, id=2574, 722.7pt x 138.5175pt>
File: classlangton_1_1plateau_1_1_plateau_a87a158bfa97b40bc455e248704e77d91_icg
raph.pdf Graphic file (type pdf)
<use classlangton_1_1plateau_1_1_plateau_a87a158bfa97b40bc455e248704e77d91_icgr
aph.pdf>
Package pdftex.def Info: classlangton_1_1plateau_1_1_plateau_a87a158bfa97b40bc4
55e248704e77d91_icgraph.pdf  used on input line 294.
(pdftex.def)             Requested size: 350.0pt x 67.08366pt.

Overfull \vbox (15.1844pt too high) has occurred while \output is active []


[64] <./classlangton_1_1plateau_1_1_plateau_a4a1a7c14b8a4e52c83b59ed5ec2e33bc_c
graph.pdf>
<classlangton_1_1plateau_1_1_plateau_a4a1a7c14b8a4e52c83b59ed5ec2e33bc_cgraph.p
df, id=2599, 925.4575pt x 516.93124pt>
File: classlangton_1_1plateau_1_1_plateau_a4a1a7c14b8a4e52c83b59ed5ec2e33bc_cgr
aph.pdf Graphic file (type pdf)
<use classlangton_1_1plateau_1_1_plateau_a4a1a7c14b8a4e52c83b59ed5ec2e33bc_cgra
ph.pdf>
Package pdftex.def Info: classlangton_1_1plateau_1_1_plateau_a4a1a7c14b8a4e52c8
3b59ed5ec2e33bc_cgraph.pdf  used on input line 323.
(pdftex.def)             Requested size: 350.0pt x 195.49727pt.
 <./classlangton_1_1plateau_1_1_plateau_a6a67a68056488a76424f92b245d97a66_cgrap
h.pdf

pdfTeX warning: pdflatex (file ./classlangton_1_1plateau_1_1_plateau_a6a67a6805
6488a76424f92b245d97a66_cgraph.pdf): PDF inclusion: multiple pdfs with page gro
up included in a single page
>
<classlangton_1_1plateau_1_1_plateau_a6a67a68056488a76424f92b245d97a66_cgraph.p
df, id=2609, 913.4125pt x 516.93124pt>
File: classlangton_1_1plateau_1_1_plateau_a6a67a68056488a76424f92b245d97a66_cgr
aph.pdf Graphic file (type pdf)
<use classlangton_1_1plateau_1_1_plateau_a6a67a68056488a76424f92b245d97a66_cgra
ph.pdf>
Package pdftex.def Info: classlangton_1_1plateau_1_1_plateau_a6a67a68056488a764
24f92b245d97a66_cgraph.pdf  used on input line 352.
(pdftex.def)             Requested size: 350.0pt x 198.07655pt.
 [65] <./classlangton_1_1plateau_1_1_plateau_a0fbaba34658fb57b0cc06ef635e2dfdc_
icgraph.pdf>
<classlangton_1_1plateau_1_1_plateau_a0fbaba34658fb57b0cc06ef635e2dfdc_icgraph.
pdf, id=2631, 441.65pt x 138.5175pt>
File: classlangton_1_1plateau_1_1_plateau_a0fbaba34658fb57b0cc06ef635e2dfdc_icg
raph.pdf Graphic file (type pdf)
<use classlangton_1_1plateau_1_1_plateau_a0fbaba34658fb57b0cc06ef635e2dfdc_icgr
aph.pdf>
Package pdftex.def Info: classlangton_1_1plateau_1_1_plateau_a0fbaba34658fb57b0
cc06ef635e2dfdc_icgraph.pdf  used on input line 402.
(pdftex.def)             Requested size: 350.0pt x 109.77847pt.
 [66]
Underfull \hbox (badness 10000) detected at line 422
[][][]
 []

 <./classlangton_1_1plateau_1_1_plateau_a8d020cf5b9240ea9e00e2628c5fb4cab_icgra
ph.pdf>
<classlangton_1_1plateau_1_1_plateau_a8d020cf5b9240ea9e00e2628c5fb4cab_icgraph.
pdf, id=2654, 886.31125pt x 282.05376pt>
File: classlangton_1_1plateau_1_1_plateau_a8d020cf5b9240ea9e00e2628c5fb4cab_icg
raph.pdf Graphic file (type pdf)
<use classlangton_1_1plateau_1_1_plateau_a8d020cf5b9240ea9e00e2628c5fb4cab_icgr
aph.pdf>
Package pdftex.def Info: classlangton_1_1plateau_1_1_plateau_a8d020cf5b9240ea9e
00e2628c5fb4cab_icgraph.pdf  used on input line 434.
(pdftex.def)             Requested size: 350.0pt x 111.38203pt.
 [67]) (./classlangton_1_1simulation_1_1_simulation.tex <./classlangton_1_1simu
lation_1_1_simulation__coll__graph.pdf>
<classlangton_1_1simulation_1_1_simulation__coll__graph.pdf, id=2690, 244.915pt
 x 657.45625pt>
File: classlangton_1_1simulation_1_1_simulation__coll__graph.pdf Graphic file (
type pdf)
<use classlangton_1_1simulation_1_1_simulation__coll__graph.pdf>
Package pdftex.def Info: classlangton_1_1simulation_1_1_simulation__coll__graph
.pdf  used on input line 14.
(pdftex.def)             Requested size: 204.89006pt x 550.0pt.
 [68]
Underfull \hbox (badness 4595) in paragraph at lines 20--21
[]\T1/phv/m/n/10 def [] (self, []=const .DEFAULT[]_[][]SCREEN[]_[][]SIZE, []=co
nst .DEFAULT[]_[][]
 []

[69] [70] [71] <./classlangton_1_1simulation_1_1_simulation_a9da91713f42652792e
9ca626148a5d85_cgraph.pdf

pdfTeX warning: pdflatex (file ./classlangton_1_1simulation_1_1_simulation_a9da
91713f42652792e9ca626148a5d85_cgraph.pdf): PDF inclusion: multiple pdfs with pa
ge group included in a single page
>
<classlangton_1_1simulation_1_1_simulation_a9da91713f42652792e9ca626148a5d85_cg
raph.pdf, id=2856, 712.6625pt x 731.73375pt>
File: classlangton_1_1simulation_1_1_simulation_a9da91713f42652792e9ca626148a5d
85_cgraph.pdf Graphic file (type pdf)
<use classlangton_1_1simulation_1_1_simulation_a9da91713f42652792e9ca626148a5d8
5_cgraph.pdf>
Package pdftex.def Info: classlangton_1_1simulation_1_1_simulation_a9da91713f42
652792e9ca626148a5d85_cgraph.pdf  used on input line 176.
(pdftex.def)             Requested size: 350.0pt x 359.36774pt.
 [72] <./classlangton_1_1simulation_1_1_simulation_a51d611a3dfea986207d7d5897b9
286e2_icgraph.pdf>
<classlangton_1_1simulation_1_1_simulation_a51d611a3dfea986207d7d5897b9286e2_ic
graph.pdf, id=2884, 725.71124pt x 268.00125pt>
File: classlangton_1_1simulation_1_1_simulation_a51d611a3dfea986207d7d5897b9286
e2_icgraph.pdf Graphic file (type pdf)
<use classlangton_1_1simulation_1_1_simulation_a51d611a3dfea986207d7d5897b9286e
2_icgraph.pdf>
Package pdftex.def Info: classlangton_1_1simulation_1_1_simulation_a51d611a3dfe
a986207d7d5897b9286e2_icgraph.pdf  used on input line 240.
(pdftex.def)             Requested size: 350.0pt x 129.25662pt.
 <./classlangton_1_1simulation_1_1_simulation_a5bd1badd9fa1819a30e2adc5ace9a443
_icgraph.pdf

pdfTeX warning: pdflatex (file ./classlangton_1_1simulation_1_1_simulation_a5bd
1badd9fa1819a30e2adc5ace9a443_icgraph.pdf): PDF inclusion: multiple pdfs with p
age group included in a single page
>
<classlangton_1_1simulation_1_1_simulation_a5bd1badd9fa1819a30e2adc5ace9a443_ic
graph.pdf, id=2894, 504.88625pt x 111.41624pt>
File: classlangton_1_1simulation_1_1_simulation_a5bd1badd9fa1819a30e2adc5ace9a4
43_icgraph.pdf Graphic file (type pdf)
<use classlangton_1_1simulation_1_1_simulation_a5bd1badd9fa1819a30e2adc5ace9a44
3_icgraph.pdf>
Package pdftex.def Info: classlangton_1_1simulation_1_1_simulation_a5bd1badd9fa
1819a30e2adc5ace9a443_icgraph.pdf  used on input line 261.
(pdftex.def)             Requested size: 350.0pt x 77.2377pt.
 <./classlangton_1_1simulation_1_1_simulation_a2478e6c5471747b59b037f5d80f72294
_icgraph.pdf

pdfTeX warning: pdflatex (file ./classlangton_1_1simulation_1_1_simulation_a247
8e6c5471747b59b037f5d80f72294_icgraph.pdf): PDF inclusion: multiple pdfs with p
age group included in a single page
>
<classlangton_1_1simulation_1_1_simulation_a2478e6c5471747b59b037f5d80f72294_ic
graph.pdf, id=2904, 509.905pt x 111.41624pt>
File: classlangton_1_1simulation_1_1_simulation_a2478e6c5471747b59b037f5d80f722
94_icgraph.pdf Graphic file (type pdf)
<use classlangton_1_1simulation_1_1_simulation_a2478e6c5471747b59b037f5d80f7229
4_icgraph.pdf>
Package pdftex.def Info: classlangton_1_1simulation_1_1_simulation_a2478e6c5471
747b59b037f5d80f72294_icgraph.pdf  used on input line 282.
(pdftex.def)             Requested size: 350.0pt x 76.47946pt.
 [73] <./classlangton_1_1simulation_1_1_simulation_a29fec66fd82b9bdc5597a6a36ca
a7851_cgraph.pdf>
<classlangton_1_1simulation_1_1_simulation_a29fec66fd82b9bdc5597a6a36caa7851_cg
raph.pdf, id=2928, 281.05pt x 129.48375pt>
File: classlangton_1_1simulation_1_1_simulation_a29fec66fd82b9bdc5597a6a36caa78
51_cgraph.pdf Graphic file (type pdf)
<use classlangton_1_1simulation_1_1_simulation_a29fec66fd82b9bdc5597a6a36caa785
1_cgraph.pdf>
Package pdftex.def Info: classlangton_1_1simulation_1_1_simulation_a29fec66fd82
b9bdc5597a6a36caa7851_cgraph.pdf  used on input line 303.
(pdftex.def)             Requested size: 280.0pt x 129.00725pt.
 <./classlangton_1_1simulation_1_1_simulation_a29fec66fd82b9bdc5597a6a36caa7851
_icgraph.pdf

pdfTeX warning: pdflatex (file ./classlangton_1_1simulation_1_1_simulation_a29f
ec66fd82b9bdc5597a6a36caa7851_icgraph.pdf): PDF inclusion: multiple pdfs with p
age group included in a single page
>
<classlangton_1_1simulation_1_1_simulation_a29fec66fd82b9bdc5597a6a36caa7851_ic
graph.pdf, id=2936, 506.89375pt x 168.63pt>
File: classlangton_1_1simulation_1_1_simulation_a29fec66fd82b9bdc5597a6a36caa78
51_icgraph.pdf Graphic file (type pdf)
<use classlangton_1_1simulation_1_1_simulation_a29fec66fd82b9bdc5597a6a36caa785
1_icgraph.pdf>
Package pdftex.def Info: classlangton_1_1simulation_1_1_simulation_a29fec66fd82
b9bdc5597a6a36caa7851_icgraph.pdf  used on input line 310.
(pdftex.def)             Requested size: 350.0pt x 116.43715pt.
 [74] <./classlangton_1_1simulation_1_1_simulation_a25e7ef7c60a93999cd4c275c77e
199d4_icgraph.pdf>
<classlangton_1_1simulation_1_1_simulation_a25e7ef7c60a93999cd4c275c77e199d4_ic
graph.pdf, id=2960, 481.8pt x 129.48375pt>
File: classlangton_1_1simulation_1_1_simulation_a25e7ef7c60a93999cd4c275c77e199
d4_icgraph.pdf Graphic file (type pdf)
<use classlangton_1_1simulation_1_1_simulation_a25e7ef7c60a93999cd4c275c77e199d
4_icgraph.pdf>
Package pdftex.def Info: classlangton_1_1simulation_1_1_simulation_a25e7ef7c60a
93999cd4c275c77e199d4_icgraph.pdf  used on input line 345.
(pdftex.def)             Requested size: 350.0pt x 94.06395pt.
 [75] <./classlangton_1_1simulation_1_1_simulation_ab0dac2d09180fd15298b0943848
3de17_cgraph.pdf>
<classlangton_1_1simulation_1_1_simulation_ab0dac2d09180fd15298b09438483de17_cg
raph.pdf, id=2996, 499.8675pt x 118.4425pt>
File: classlangton_1_1simulation_1_1_simulation_ab0dac2d09180fd15298b09438483de
17_cgraph.pdf Graphic file (type pdf)
<use classlangton_1_1simulation_1_1_simulation_ab0dac2d09180fd15298b09438483de1
7_cgraph.pdf>
Package pdftex.def Info: classlangton_1_1simulation_1_1_simulation_ab0dac2d0918
0fd15298b09438483de17_cgraph.pdf  used on input line 401.
(pdftex.def)             Requested size: 350.0pt x 82.93448pt.
 <./classlangton_1_1simulation_1_1_simulation_ab0dac2d09180fd15298b09438483de17
_icgraph.pdf

pdfTeX warning: pdflatex (file ./classlangton_1_1simulation_1_1_simulation_ab0d
ac2d09180fd15298b09438483de17_icgraph.pdf): PDF inclusion: multiple pdfs with p
age group included in a single page
>
<classlangton_1_1simulation_1_1_simulation_ab0dac2d09180fd15298b09438483de17_ic
graph.pdf, id=3004, 497.86pt x 118.4425pt>
File: classlangton_1_1simulation_1_1_simulation_ab0dac2d09180fd15298b09438483de
17_icgraph.pdf Graphic file (type pdf)
<use classlangton_1_1simulation_1_1_simulation_ab0dac2d09180fd15298b09438483de1
7_icgraph.pdf>
Package pdftex.def Info: classlangton_1_1simulation_1_1_simulation_ab0dac2d0918
0fd15298b09438483de17_icgraph.pdf  used on input line 408.
(pdftex.def)             Requested size: 350.0pt x 83.26701pt.
 <./classlangton_1_1simulation_1_1_simulation_aa19a81a41e0519fa9695baa02cb6a77a
_cgraph.pdf

pdfTeX warning: pdflatex (file ./classlangton_1_1simulation_1_1_simulation_aa19
a81a41e0519fa9695baa02cb6a77a_cgraph.pdf): PDF inclusion: multiple pdfs with pa
ge group included in a single page
>
<classlangton_1_1simulation_1_1_simulation_aa19a81a41e0519fa9695baa02cb6a77a_cg
raph.pdf, id=3014, 481.8pt x 129.48375pt>
File: classlangton_1_1simulation_1_1_simulation_aa19a81a41e0519fa9695baa02cb6a7
7a_cgraph.pdf Graphic file (type pdf)
<use classlangton_1_1simulation_1_1_simulation_aa19a81a41e0519fa9695baa02cb6a77
a_cgraph.pdf>
Package pdftex.def Info: classlangton_1_1simulation_1_1_simulation_aa19a81a41e0
519fa9695baa02cb6a77a_cgraph.pdf  used on input line 429.
(pdftex.def)             Requested size: 350.0pt x 94.06395pt.
 <./classlangton_1_1simulation_1_1_simulation_aa19a81a41e0519fa9695baa02cb6a77a
_icgraph.pdf

pdfTeX warning: pdflatex (file ./classlangton_1_1simulation_1_1_simulation_aa19
a81a41e0519fa9695baa02cb6a77a_icgraph.pdf): PDF inclusion: multiple pdfs with p
age group included in a single page
>
<classlangton_1_1simulation_1_1_simulation_aa19a81a41e0519fa9695baa02cb6a77a_ic
graph.pdf, id=3022, 262.9825pt x 129.48375pt>
File: classlangton_1_1simulation_1_1_simulation_aa19a81a41e0519fa9695baa02cb6a7
7a_icgraph.pdf Graphic file (type pdf)
<use classlangton_1_1simulation_1_1_simulation_aa19a81a41e0519fa9695baa02cb6a77
a_icgraph.pdf>
Package pdftex.def Info: classlangton_1_1simulation_1_1_simulation_aa19a81a41e0
519fa9695baa02cb6a77a_icgraph.pdf  used on input line 436.
(pdftex.def)             Requested size: 262.0pt x 129.00528pt.
 [76] <./classlangton_1_1simulation_1_1_simulation_a74cd4bae2d3d341e664ad6ea2cd
cf4c4_cgraph.pdf>
<classlangton_1_1simulation_1_1_simulation_a74cd4bae2d3d341e664ad6ea2cdcf4c4_cg
raph.pdf, id=3050, 734.745pt x 419.5675pt>
File: classlangton_1_1simulation_1_1_simulation_a74cd4bae2d3d341e664ad6ea2cdcf4
c4_cgraph.pdf Graphic file (type pdf)
<use classlangton_1_1simulation_1_1_simulation_a74cd4bae2d3d341e664ad6ea2cdcf4c
4_cgraph.pdf>
Package pdftex.def Info: classlangton_1_1simulation_1_1_simulation_a74cd4bae2d3
d341e664ad6ea2cdcf4c4_cgraph.pdf  used on input line 485.
(pdftex.def)             Requested size: 350.0pt x 199.86641pt.
 <./classlangton_1_1simulation_1_1_simulation_a74cd4bae2d3d341e664ad6ea2cdcf4c4
_icgraph.pdf

pdfTeX warning: pdflatex (file ./classlangton_1_1simulation_1_1_simulation_a74c
d4bae2d3d341e664ad6ea2cdcf4c4_icgraph.pdf): PDF inclusion: multiple pdfs with p
age group included in a single page
>
<classlangton_1_1simulation_1_1_simulation_a74cd4bae2d3d341e664ad6ea2cdcf4c4_ic
graph.pdf, id=3058, 270.00874pt x 118.4425pt>
File: classlangton_1_1simulation_1_1_simulation_a74cd4bae2d3d341e664ad6ea2cdcf4
c4_icgraph.pdf Graphic file (type pdf)
<use classlangton_1_1simulation_1_1_simulation_a74cd4bae2d3d341e664ad6ea2cdcf4c
4_icgraph.pdf>
Package pdftex.def Info: classlangton_1_1simulation_1_1_simulation_a74cd4bae2d3
d341e664ad6ea2cdcf4c4_icgraph.pdf  used on input line 492.
(pdftex.def)             Requested size: 269.0pt x 118.00302pt.
 [77] [78] [79] [80]) (./_r_e_a_d_m_e_8md.tex) (./button_8py.tex [81])
(./button_8py_source.tex [82] [83]) (./check__box_8py.tex)
(./check__box_8py_source.tex [84]) (./input__box_8py.tex)
(./input__box_8py_source.tex [85]) (./menu_8py.tex) (./menu_8py_source.tex
[86]) (./buttons_2____init_____8py.tex) (./buttons_2____init_____8py_source.tex
[87]) (./langton_2____init_____8py.tex) (./langton_2____init_____8py_source.tex
) (./utils_2____init_____8py.tex) (./utils_2____init_____8py_source.tex)
(./case_8py.tex) (./case_8py_source.tex [88]) (./fourmi_8py.tex [89])
(./fourmi_8py_source.tex [90] [91]) (./plateau_8py.tex)
(./plateau_8py_source.tex [92] [93]) (./simulation_8py.tex)
(./simulation_8py_source.tex [94] [95] [96] [97] [98]) (./main_8py.tex)
(./main_8py_source.tex) (./color_8py.tex [99]) (./color_8py_source.tex)
(./const_8py.tex [100]) (./const_8py_source.tex) [101] [102

] (./refman.ind
LaTeX Font Info:    Font shape `T1/phv/bc/n' will be
(Font)              scaled to size 12.9599pt on input line 1.

[103

] [104] [105] [106] [107])
Package atveryend Info: Empty hook `BeforeClearDocument' on input line 245.
Package atveryend Info: Empty hook `AfterLastShipout' on input line 245.
 (./refman.aux)
Package atveryend Info: Executing hook `AtVeryEndDocument' on input line 245.
Package atveryend Info: Executing hook `AtEndAfterFileList' on input line 245.
Package rerunfilecheck Info: File `refman.out' has not changed.
(rerunfilecheck)             Checksum: BC7C2EDA716D830609B01E25790DC6CC;24580.
 ) 
Here is how much of TeX's memory you used:
 19931 strings out of 481239
 356816 string characters out of 5920377
 616431 words of memory out of 5000000
 32721 multiletter control sequences out of 15000+600000
 580523 words of font info for 87 fonts, out of 8000000 for 9000
 1141 hyphenation exceptions out of 8191
 55i,16n,96p,1030b,627s stack positions out of 5000i,500n,10000p,200000b,80000s
{/usr/share/texlive/texmf-dist/fonts/enc/dvips/base/8r.enc}</usr/share/texliv
e/texmf-dist/fonts/type1/public/amsfonts/cm/cmmi7.pfb></usr/share/texlive/texmf
-dist/fonts/type1/public/amsfonts/cm/cmsy10.pfb></usr/share/texlive/texmf-dist/
fonts/type1/public/amsfonts/cm/cmsy7.pfb></usr/share/texlive/texmf-dist/fonts/t
ype1/public/amsfonts/cm/cmsy8.pfb></usr/share/texlive/texmf-dist/fonts/type1/ur
w/courier/ucrr8a.pfb></usr/share/texlive/texmf-dist/fonts/type1/urw/courier/ucr
ro8a.pfb></usr/share/texlive/texmf-dist/fonts/type1/urw/helvetic/uhvb8a.pfb></u
sr/share/texlive/texmf-dist/fonts/type1/urw/helvetic/uhvb8ac.pfb></usr/share/te
xlive/texmf-dist/fonts/type1/urw/helvetic/uhvr8a.pfb></usr/share/texlive/texmf-
dist/fonts/type1/urw/helvetic/uhvro8a.pfb>
Output written on refman.pdf (110 pages, 849468 bytes).
PDF statistics:
 6237 PDF objects out of 7423 (max. 8388607)
 5810 compressed objects within 59 object streams
 2040 named destinations out of 2073 (max. 500000)
 1289 words of extra memory for PDF output out of 10000 (max. 10000000)

